WARNING:django.request:Not Found: /pricesync/assets/img/icons/sidebar-icon-01.svg
WARNING:django.request:Not Found: /pricesync/assets/img/layout-ltr.png
WARNING:django.request:Not Found: /pricesync/assets/img/icons/sidebar-icon-02.svg
WARNING:django.request:Not Found: /pricesync/assets/img/icons/sidebar-icon-03.svg
WARNING:django.request:Not Found: /pricesync/assets/img/icons/sun-icon.svg
WARNING:django.request:Not Found: /pricesync/assets/img/icons/close-icon.svg
WARNING:django.request:Not Found: /pricesync/assets/img/layout-rtl.png
WARNING:django.request:Not Found: /pricesync/assets/img/layout-04.png
WARNING:django.request:Not Found: /pricesync/assets/img/layout-01.png
WARNING:django.request:Not Found: /pricesync/assets/img/layout-03.png
INFO:django.utils.autoreload:C:\Users\Wayne.Maiseni\Documents\Nashua Applications\NashuaXpressPriceSync\PriceSync\views.py changed, reloading.
WARNING:django.request:Not Found: /pricesync/assets/img/icons/sidebar-icon-01.svg
WARNING:django.request:Not Found: /pricesync/assets/img/icons/sidebar-icon-03.svg
WARNING:django.request:Not Found: /pricesync/assets/img/icons/sidebar-icon-02.svg
WARNING:django.request:Not Found: /pricesync/assets/img/icons/close-icon.svg
WARNING:django.request:Not Found: /pricesync/assets/img/icons/sun-icon.svg
WARNING:django.request:Not Found: /pricesync/assets/img/layout-ltr.png
WARNING:django.request:Not Found: /pricesync/assets/img/layout-03.png
WARNING:django.request:Not Found: /pricesync/assets/img/layout-04.png
WARNING:django.request:Not Found: /pricesync/assets/img/layout-rtl.png
WARNING:django.request:Not Found: /pricesync/assets/img/layout-01.png
WARNING:django.request:Not Found: /pricesync/activities.html
INFO:django.utils.autoreload:C:\Users\Wayne.Maiseni\Documents\Nashua Applications\NashuaXpressPriceSync\PriceSync\views.py changed, reloading.
WARNING:django.request:Not Found: /pricesync/assets/img/icons/sidebar-icon-03.svg
WARNING:django.request:Not Found: /pricesync/assets/img/icons/sidebar-icon-01.svg
WARNING:django.request:Not Found: /pricesync/assets/img/icons/sun-icon.svg
WARNING:django.request:Not Found: /pricesync/assets/img/layout-ltr.png
WARNING:django.request:Not Found: /pricesync/assets/img/icons/close-icon.svg
WARNING:django.request:Not Found: /pricesync/assets/img/icons/sidebar-icon-02.svg
WARNING:django.request:Not Found: /pricesync/assets/img/layout-rtl.png
WARNING:django.request:Not Found: /pricesync/assets/img/layout-04.png
WARNING:django.request:Not Found: /pricesync/assets/img/layout-01.png
WARNING:django.request:Not Found: /pricesync/assets/img/layout-03.png
INFO:django.utils.autoreload:C:\Users\Wayne.Maiseni\Documents\Nashua Applications\NashuaXpressPriceSync\PriceSync\views.py changed, reloading.
WARNING:django.request:Not Found: /pricesync/assets/img/icons/sun-icon.svg
WARNING:django.request:Not Found: /pricesync/assets/img/icons/sidebar-icon-03.svg
WARNING:django.request:Not Found: /pricesync/assets/img/icons/sidebar-icon-02.svg
WARNING:django.request:Not Found: /pricesync/assets/img/icons/sidebar-icon-01.svg
WARNING:django.request:Not Found: /pricesync/assets/img/icons/close-icon.svg
WARNING:django.request:Not Found: /pricesync/assets/img/layout-ltr.png
WARNING:django.request:Not Found: /pricesync/assets/img/layout-01.png
WARNING:django.request:Not Found: /pricesync/assets/img/layout-rtl.png
WARNING:django.request:Not Found: /pricesync/assets/img/layout-03.png
WARNING:django.request:Not Found: /pricesync/assets/img/layout-04.png
INFO:django.utils.autoreload:C:\Users\Wayne.Maiseni\Documents\Nashua Applications\NashuaXpressPriceSync\PriceSync\views.py changed, reloading.
WARNING:django.request:Not Found: /pricesync/assets/img/icons/sidebar-icon-02.svg
WARNING:django.request:Not Found: /pricesync/assets/img/layout-ltr.png
WARNING:django.request:Not Found: /pricesync/assets/img/icons/sidebar-icon-03.svg
WARNING:django.request:Not Found: /pricesync/assets/img/icons/sun-icon.svg
WARNING:django.request:Not Found: /pricesync/assets/img/icons/close-icon.svg
WARNING:django.request:Not Found: /pricesync/assets/img/icons/sidebar-icon-01.svg
WARNING:django.request:Not Found: /pricesync/assets/img/layout-04.png
WARNING:django.request:Not Found: /pricesync/assets/img/layout-rtl.png
WARNING:django.request:Not Found: /pricesync/assets/img/layout-01.png
WARNING:django.request:Not Found: /pricesync/assets/img/layout-03.png
WARNING:django.request:Not Found: /pricesync/assets/img/layout-ltr.png
WARNING:django.request:Not Found: /pricesync/assets/img/icons/sidebar-icon-02.svg
WARNING:django.request:Not Found: /pricesync/assets/img/icons/close-icon.svg
WARNING:django.request:Not Found: /pricesync/assets/img/icons/sun-icon.svg
WARNING:django.request:Not Found: /pricesync/assets/img/icons/sidebar-icon-01.svg
WARNING:django.request:Not Found: /pricesync/assets/img/icons/sidebar-icon-03.svg
WARNING:django.request:Not Found: /pricesync/assets/img/layout-rtl.png
WARNING:django.request:Not Found: /pricesync/assets/img/layout-04.png
WARNING:django.request:Not Found: /pricesync/assets/img/layout-01.png
WARNING:django.request:Not Found: /pricesync/assets/img/layout-03.png
INFO:django.utils.autoreload:C:\Users\Wayne.Maiseni\Documents\Nashua Applications\NashuaXpressPriceSync\PriceSync\views.py changed, reloading.
WARNING:django.request:Not Found: /pricesync/assets/img/icons/sidebar-icon-03.svg
WARNING:django.request:Not Found: /pricesync/assets/img/icons/sidebar-icon-02.svg
WARNING:django.request:Not Found: /pricesync/assets/img/icons/close-icon.svg
WARNING:django.request:Not Found: /pricesync/assets/img/icons/sun-icon.svg
WARNING:django.request:Not Found: /pricesync/assets/img/layout-ltr.png
WARNING:django.request:Not Found: /pricesync/assets/img/icons/sidebar-icon-01.svg
WARNING:django.request:Not Found: /pricesync/assets/img/layout-rtl.png
WARNING:django.request:Not Found: /pricesync/assets/img/layout-01.png
WARNING:django.request:Not Found: /pricesync/assets/img/layout-04.png
WARNING:django.request:Not Found: /pricesync/assets/img/layout-03.png
WARNING:django.request:Not Found: /pricesync/assets/img/icons/sun-icon.svg
WARNING:django.request:Not Found: /pricesync/assets/img/icons/sidebar-icon-03.svg
WARNING:django.request:Not Found: /pricesync/assets/img/icons/close-icon.svg
WARNING:django.request:Not Found: /pricesync/assets/img/icons/sidebar-icon-01.svg
WARNING:django.request:Not Found: /pricesync/assets/img/layout-ltr.png
WARNING:django.request:Not Found: /pricesync/assets/img/icons/sidebar-icon-02.svg
WARNING:django.request:Not Found: /pricesync/assets/img/layout-rtl.png
WARNING:django.request:Not Found: /pricesync/assets/img/layout-03.png
WARNING:django.request:Not Found: /pricesync/assets/img/layout-04.png
WARNING:django.request:Not Found: /pricesync/assets/img/layout-01.png
INFO:django.utils.autoreload:C:\Users\Wayne.Maiseni\Documents\Nashua Applications\NashuaXpressPriceSync\PriceSync\views.py changed, reloading.
WARNING:django.request:Not Found: /pricesync/assets/img/icons/sidebar-icon-02.svg
WARNING:django.request:Not Found: /pricesync/assets/img/icons/sidebar-icon-03.svg
WARNING:django.request:Not Found: /pricesync/assets/img/layout-ltr.png
WARNING:django.request:Not Found: /pricesync/assets/img/icons/sun-icon.svg
WARNING:django.request:Not Found: /pricesync/assets/img/icons/close-icon.svg
WARNING:django.request:Not Found: /pricesync/assets/img/icons/sidebar-icon-01.svg
WARNING:django.request:Not Found: /pricesync/assets/img/layout-04.png
WARNING:django.request:Not Found: /pricesync/assets/img/layout-rtl.png
WARNING:django.request:Not Found: /pricesync/assets/img/layout-01.png
WARNING:django.request:Not Found: /pricesync/assets/img/layout-03.png
WARNING:django.request:Not Found: /pricesync/assets/img/layout-ltr.png
WARNING:django.request:Not Found: /pricesync/assets/img/icons/close-icon.svg
WARNING:django.request:Not Found: /pricesync/assets/img/icons/sidebar-icon-01.svg
WARNING:django.request:Not Found: /pricesync/assets/img/icons/sun-icon.svg
WARNING:django.request:Not Found: /pricesync/assets/img/icons/sidebar-icon-03.svg
WARNING:django.request:Not Found: /pricesync/assets/img/icons/sidebar-icon-02.svg
WARNING:django.request:Not Found: /pricesync/assets/img/layout-rtl.png
WARNING:django.request:Not Found: /pricesync/assets/img/layout-03.png
WARNING:django.request:Not Found: /pricesync/assets/img/layout-04.png
WARNING:django.request:Not Found: /pricesync/assets/img/layout-01.png
INFO:django.utils.autoreload:C:\Users\Wayne.Maiseni\Documents\Nashua Applications\NashuaXpressPriceSync\PriceSync\views.py changed, reloading.
WARNING:django.request:Not Found: /pricesync/assets/img/icons/sidebar-icon-03.svg
WARNING:django.request:Not Found: /pricesync/assets/img/icons/sidebar-icon-01.svg
WARNING:django.request:Not Found: /pricesync/assets/img/layout-ltr.png
WARNING:django.request:Not Found: /pricesync/assets/img/icons/sidebar-icon-02.svg
WARNING:django.request:Not Found: /pricesync/assets/img/icons/close-icon.svg
WARNING:django.request:Not Found: /pricesync/assets/img/icons/sun-icon.svg
WARNING:django.request:Not Found: /pricesync/assets/img/layout-04.png
WARNING:django.request:Not Found: /pricesync/assets/img/layout-rtl.png
WARNING:django.request:Not Found: /pricesync/assets/img/layout-03.png
WARNING:django.request:Not Found: /pricesync/assets/img/layout-01.png
INFO:django.utils.autoreload:C:\Users\Wayne.Maiseni\Documents\Nashua Applications\NashuaXpressPriceSync\PriceSync\views.py changed, reloading.
WARNING:django.request:Not Found: /pricesync/assets/img/icons/sidebar-icon-01.svg
WARNING:django.request:Not Found: /pricesync/assets/img/layout-ltr.png
WARNING:django.request:Not Found: /pricesync/assets/img/icons/close-icon.svg
WARNING:django.request:Not Found: /pricesync/assets/img/icons/sidebar-icon-03.svg
WARNING:django.request:Not Found: /pricesync/assets/img/icons/sidebar-icon-02.svg
WARNING:django.request:Not Found: /pricesync/assets/img/icons/sun-icon.svg
WARNING:django.request:Not Found: /pricesync/assets/img/layout-rtl.png
WARNING:django.request:Not Found: /pricesync/assets/img/layout-01.png
WARNING:django.request:Not Found: /pricesync/assets/img/layout-04.png
WARNING:django.request:Not Found: /pricesync/assets/img/layout-03.png
INFO:django.utils.autoreload:C:\Users\Wayne.Maiseni\Documents\Nashua Applications\NashuaXpressPriceSync\PriceSync\views.py changed, reloading.
WARNING:django.request:Not Found: /pricesync/assets/img/icons/sun-icon.svg
WARNING:django.request:Not Found: /pricesync/assets/img/layout-ltr.png
WARNING:django.request:Not Found: /pricesync/assets/img/icons/sidebar-icon-01.svg
WARNING:django.request:Not Found: /pricesync/assets/img/icons/sidebar-icon-02.svg
WARNING:django.request:Not Found: /pricesync/assets/img/icons/close-icon.svg
WARNING:django.request:Not Found: /pricesync/assets/img/icons/sidebar-icon-03.svg
WARNING:django.request:Not Found: /pricesync/assets/img/layout-rtl.png
WARNING:django.request:Not Found: /pricesync/assets/img/layout-03.png
WARNING:django.request:Not Found: /pricesync/assets/img/layout-01.png
WARNING:django.request:Not Found: /pricesync/assets/img/layout-04.png
INFO:django.utils.autoreload:C:\Users\Wayne.Maiseni\Documents\Nashua Applications\NashuaXpressPriceSync\PriceSync\views.py changed, reloading.
WARNING:django.request:Not Found: /pricesync/assets/img/icons/sun-icon.svg
WARNING:django.request:Not Found: /pricesync/assets/img/icons/sidebar-icon-02.svg
WARNING:django.request:Not Found: /pricesync/assets/img/icons/sidebar-icon-03.svg
WARNING:django.request:Not Found: /pricesync/assets/img/icons/close-icon.svg
WARNING:django.request:Not Found: /pricesync/assets/img/icons/sidebar-icon-01.svg
WARNING:django.request:Not Found: /pricesync/assets/img/layout-ltr.png
WARNING:django.request:Not Found: /pricesync/assets/img/layout-04.png
WARNING:django.request:Not Found: /pricesync/assets/img/layout-rtl.png
WARNING:django.request:Not Found: /pricesync/assets/img/layout-01.png
WARNING:django.request:Not Found: /pricesync/assets/img/layout-03.png
INFO:django.utils.autoreload:C:\Users\Wayne.Maiseni\Documents\Nashua Applications\NashuaXpressPriceSync\PriceSync\views.py changed, reloading.
WARNING:django.request:Not Found: /pricesync/assets/img/icons/sidebar-icon-02.svg
WARNING:django.request:Not Found: /pricesync/assets/img/layout-ltr.png
WARNING:django.request:Not Found: /pricesync/assets/img/icons/sun-icon.svg
WARNING:django.request:Not Found: /pricesync/assets/img/icons/sidebar-icon-01.svg
WARNING:django.request:Not Found: /pricesync/assets/img/icons/close-icon.svg
WARNING:django.request:Not Found: /pricesync/assets/img/icons/sidebar-icon-03.svg
WARNING:django.request:Not Found: /pricesync/assets/img/layout-01.png
WARNING:django.request:Not Found: /pricesync/assets/img/layout-03.png
WARNING:django.request:Not Found: /pricesync/assets/img/layout-04.png
WARNING:django.request:Not Found: /pricesync/assets/img/layout-rtl.png
WARNING:django.request:Not Found: /pricesync/assets/img/icons/close-icon.svg
WARNING:django.request:Not Found: /pricesync/assets/img/icons/sidebar-icon-01.svg
WARNING:django.request:Not Found: /pricesync/assets/img/icons/sidebar-icon-02.svg
WARNING:django.request:Not Found: /pricesync/assets/img/icons/sidebar-icon-03.svg
WARNING:django.request:Not Found: /pricesync/assets/img/layout-ltr.png
WARNING:django.request:Not Found: /pricesync/assets/img/icons/sun-icon.svg
WARNING:django.request:Not Found: /pricesync/assets/img/layout-rtl.png
WARNING:django.request:Not Found: /pricesync/assets/img/layout-04.png
WARNING:django.request:Not Found: /pricesync/assets/img/layout-01.png
WARNING:django.request:Not Found: /pricesync/assets/img/layout-03.png
WARNING:django.request:Not Found: /pricesync/assets/img/icons/sidebar-icon-01.svg
WARNING:django.request:Not Found: /pricesync/assets/img/icons/sidebar-icon-02.svg
WARNING:django.request:Not Found: /pricesync/assets/img/layout-ltr.png
WARNING:django.request:Not Found: /pricesync/assets/img/icons/close-icon.svg
WARNING:django.request:Not Found: /pricesync/assets/img/icons/sun-icon.svg
WARNING:django.request:Not Found: /pricesync/assets/img/icons/sidebar-icon-03.svg
WARNING:django.request:Not Found: /pricesync/assets/img/layout-04.png
WARNING:django.request:Not Found: /pricesync/assets/img/layout-03.png
WARNING:django.request:Not Found: /pricesync/assets/img/layout-rtl.png
WARNING:django.request:Not Found: /pricesync/assets/img/layout-01.png
WARNING:django.request:Not Found: /pricesync/assets/img/icons/sidebar-icon-01.svg
WARNING:django.request:Not Found: /pricesync/assets/img/icons/sidebar-icon-02.svg
WARNING:django.request:Not Found: /pricesync/assets/img/icons/close-icon.svg
WARNING:django.request:Not Found: /pricesync/assets/img/layout-ltr.png
WARNING:django.request:Not Found: /pricesync/assets/img/icons/sidebar-icon-03.svg
WARNING:django.request:Not Found: /pricesync/assets/img/icons/sun-icon.svg
WARNING:django.request:Not Found: /pricesync/assets/img/layout-rtl.png
WARNING:django.request:Not Found: /pricesync/assets/img/layout-01.png
WARNING:django.request:Not Found: /pricesync/assets/img/layout-04.png
WARNING:django.request:Not Found: /pricesync/assets/img/layout-03.png
WARNING:django.request:Not Found: /pricesync/assets/img/icons/sidebar-icon-01.svg
WARNING:django.request:Not Found: /pricesync/assets/img/icons/sidebar-icon-02.svg
WARNING:django.request:Not Found: /pricesync/assets/img/icons/sun-icon.svg
WARNING:django.request:Not Found: /pricesync/assets/img/icons/close-icon.svg
WARNING:django.request:Not Found: /pricesync/assets/img/layout-ltr.png
WARNING:django.request:Not Found: /pricesync/assets/img/icons/sidebar-icon-03.svg
WARNING:django.request:Not Found: /pricesync/assets/img/layout-rtl.png
WARNING:django.request:Not Found: /pricesync/assets/img/layout-04.png
WARNING:django.request:Not Found: /pricesync/assets/img/layout-01.png
WARNING:django.request:Not Found: /pricesync/assets/img/layout-03.png
WARNING:django.request:Not Found: /pricesync/assets/img/icons/sun-icon.svg
WARNING:django.request:Not Found: /pricesync/assets/img/icons/close-icon.svg
WARNING:django.request:Not Found: /pricesync/assets/img/icons/sidebar-icon-02.svg
WARNING:django.request:Not Found: /pricesync/assets/img/icons/sidebar-icon-01.svg
WARNING:django.request:Not Found: /pricesync/assets/img/icons/sidebar-icon-03.svg
WARNING:django.request:Not Found: /pricesync/assets/img/layout-ltr.png
WARNING:django.request:Not Found: /pricesync/assets/img/layout-rtl.png
WARNING:django.request:Not Found: /pricesync/assets/img/layout-04.png
WARNING:django.request:Not Found: /pricesync/assets/img/layout-03.png
WARNING:django.request:Not Found: /pricesync/assets/img/layout-01.png
WARNING:django.request:Not Found: /pricesync/assets/img/icons/sun-icon.svg
WARNING:django.request:Not Found: /pricesync/assets/img/icons/sidebar-icon-02.svg
WARNING:django.request:Not Found: /pricesync/assets/img/icons/close-icon.svg
WARNING:django.request:Not Found: /pricesync/assets/img/icons/sidebar-icon-01.svg
WARNING:django.request:Not Found: /pricesync/assets/img/icons/sidebar-icon-03.svg
WARNING:django.request:Not Found: /pricesync/assets/img/layout-ltr.png
WARNING:django.request:Not Found: /pricesync/assets/img/layout-rtl.png
WARNING:django.request:Not Found: /pricesync/assets/img/layout-04.png
WARNING:django.request:Not Found: /pricesync/assets/img/layout-01.png
WARNING:django.request:Not Found: /pricesync/assets/img/layout-03.png
WARNING:django.request:Not Found: /pricesync/assets/img/icons/sidebar-icon-02.svg
WARNING:django.request:Not Found: /pricesync/assets/img/icons/sidebar-icon-03.svg
WARNING:django.request:Not Found: /pricesync/assets/img/icons/sidebar-icon-01.svg
WARNING:django.request:Not Found: /pricesync/assets/img/icons/close-icon.svg
WARNING:django.request:Not Found: /pricesync/assets/img/icons/sun-icon.svg
WARNING:django.request:Not Found: /pricesync/assets/img/layout-ltr.png
WARNING:django.request:Not Found: /pricesync/assets/img/layout-01.png
WARNING:django.request:Not Found: /pricesync/assets/img/layout-rtl.png
WARNING:django.request:Not Found: /pricesync/assets/img/layout-04.png
WARNING:django.request:Not Found: /pricesync/assets/img/layout-03.png
INFO:django.utils.autoreload:C:\Users\Wayne.Maiseni\Documents\Nashua Applications\NashuaXpressPriceSync\PriceSync\views.py changed, reloading.
WARNING:django.request:Not Found: /pricesync/assets/img/icons/sidebar-icon-03.svg
WARNING:django.request:Not Found: /pricesync/assets/img/icons/sidebar-icon-02.svg
WARNING:django.request:Not Found: /pricesync/assets/img/icons/close-icon.svg
WARNING:django.request:Not Found: /pricesync/assets/img/icons/sun-icon.svg
WARNING:django.request:Not Found: /pricesync/assets/img/icons/sidebar-icon-01.svg
WARNING:django.request:Not Found: /pricesync/assets/img/layout-ltr.png
WARNING:django.request:Not Found: /pricesync/assets/img/layout-03.png
WARNING:django.request:Not Found: /pricesync/assets/img/layout-01.png
WARNING:django.request:Not Found: /pricesync/assets/img/layout-rtl.png
WARNING:django.request:Not Found: /pricesync/assets/img/layout-04.png
WARNING:django.request:Not Found: /pricesync/assets/img/icons/sun-icon.svg
WARNING:django.request:Not Found: /pricesync/assets/img/layout-ltr.png
WARNING:django.request:Not Found: /pricesync/assets/img/icons/close-icon.svg
WARNING:django.request:Not Found: /pricesync/assets/img/icons/sidebar-icon-03.svg
WARNING:django.request:Not Found: /pricesync/assets/img/icons/sidebar-icon-01.svg
WARNING:django.request:Not Found: /pricesync/assets/img/icons/sidebar-icon-02.svg
WARNING:django.request:Not Found: /pricesync/assets/img/layout-rtl.png
WARNING:django.request:Not Found: /pricesync/assets/img/layout-04.png
WARNING:django.request:Not Found: /pricesync/assets/img/layout-03.png
WARNING:django.request:Not Found: /pricesync/assets/img/layout-01.png
WARNING:django.request:Not Found: /pricesync/assets/img/icons/sidebar-icon-01.svg
WARNING:django.request:Not Found: /pricesync/assets/img/icons/sidebar-icon-03.svg
WARNING:django.request:Not Found: /pricesync/assets/img/icons/sidebar-icon-02.svg
WARNING:django.request:Not Found: /pricesync/assets/img/icons/sun-icon.svg
WARNING:django.request:Not Found: /pricesync/assets/img/icons/close-icon.svg
WARNING:django.request:Not Found: /pricesync/assets/img/layout-ltr.png
WARNING:django.request:Not Found: /pricesync/assets/img/layout-rtl.png
WARNING:django.request:Not Found: /pricesync/assets/img/layout-04.png
WARNING:django.request:Not Found: /pricesync/assets/img/layout-01.png
WARNING:django.request:Not Found: /pricesync/assets/img/layout-03.png
WARNING:django.request:Not Found: /pricesync/assets/img/icons/sidebar-icon-02.svg
WARNING:django.request:Not Found: /pricesync/assets/img/icons/sidebar-icon-01.svg
WARNING:django.request:Not Found: /pricesync/assets/img/icons/sun-icon.svg
WARNING:django.request:Not Found: /pricesync/assets/img/icons/sidebar-icon-03.svg
WARNING:django.request:Not Found: /pricesync/assets/img/layout-ltr.png
WARNING:django.request:Not Found: /pricesync/assets/img/icons/close-icon.svg
WARNING:django.request:Not Found: /pricesync/assets/img/layout-01.png
WARNING:django.request:Not Found: /pricesync/assets/img/layout-03.png
WARNING:django.request:Not Found: /pricesync/assets/img/layout-rtl.png
WARNING:django.request:Not Found: /pricesync/assets/img/layout-04.png
WARNING:django.request:Not Found: /pricesync/assets/img/icons/sidebar-icon-01.svg
WARNING:django.request:Not Found: /pricesync/assets/img/icons/sidebar-icon-02.svg
WARNING:django.request:Not Found: /pricesync/assets/img/icons/sidebar-icon-03.svg
WARNING:django.request:Not Found: /pricesync/assets/img/icons/close-icon.svg
WARNING:django.request:Not Found: /pricesync/assets/img/icons/sun-icon.svg
WARNING:django.request:Not Found: /pricesync/assets/img/layout-ltr.png
WARNING:django.request:Not Found: /pricesync/assets/img/layout-rtl.png
WARNING:django.request:Not Found: /pricesync/assets/img/layout-01.png
WARNING:django.request:Not Found: /pricesync/assets/img/layout-04.png
WARNING:django.request:Not Found: /pricesync/assets/img/layout-03.png
INFO:django.utils.autoreload:C:\Users\Wayne.Maiseni\Documents\Nashua Applications\NashuaXpressPriceSync\PriceSync\views.py changed, reloading.
WARNING:django.request:Not Found: /pricesync/assets/img/icons/sidebar-icon-01.svg
WARNING:django.request:Not Found: /pricesync/assets/img/icons/sidebar-icon-03.svg
WARNING:django.request:Not Found: /pricesync/assets/img/icons/sidebar-icon-02.svg
WARNING:django.request:Not Found: /pricesync/assets/img/icons/sun-icon.svg
WARNING:django.request:Not Found: /pricesync/assets/img/layout-ltr.png
WARNING:django.request:Not Found: /pricesync/assets/img/icons/close-icon.svg
WARNING:django.request:Not Found: /pricesync/assets/img/layout-rtl.png
WARNING:django.request:Not Found: /pricesync/assets/img/layout-01.png
WARNING:django.request:Not Found: /pricesync/assets/img/layout-03.png
WARNING:django.request:Not Found: /pricesync/assets/img/layout-04.png
INFO:django.utils.autoreload:C:\Users\Wayne.Maiseni\Documents\Nashua Applications\NashuaXpressPriceSync\PriceSync\views.py changed, reloading.
WARNING:django.request:Not Found: /pricesync/assets/img/icons/sidebar-icon-02.svg
WARNING:django.request:Not Found: /pricesync/assets/img/icons/sidebar-icon-01.svg
WARNING:django.request:Not Found: /pricesync/assets/img/icons/sidebar-icon-03.svg
WARNING:django.request:Not Found: /pricesync/assets/img/icons/close-icon.svg
WARNING:django.request:Not Found: /pricesync/assets/img/layout-ltr.png
WARNING:django.request:Not Found: /pricesync/assets/img/icons/sun-icon.svg
WARNING:django.request:Not Found: /pricesync/assets/img/layout-rtl.png
WARNING:django.request:Not Found: /pricesync/assets/img/layout-01.png
WARNING:django.request:Not Found: /pricesync/assets/img/layout-04.png
WARNING:django.request:Not Found: /pricesync/assets/img/layout-03.png
INFO:django.utils.autoreload:C:\Users\Wayne.Maiseni\Documents\Nashua Applications\NashuaXpressPriceSync\PriceSync\views.py changed, reloading.
WARNING:django.request:Not Found: /pricesync/assets/img/icons/sidebar-icon-02.svg
WARNING:django.request:Not Found: /pricesync/assets/img/icons/sidebar-icon-01.svg
WARNING:django.request:Not Found: /pricesync/assets/img/icons/sidebar-icon-03.svg
WARNING:django.request:Not Found: /pricesync/assets/img/layout-ltr.png
WARNING:django.request:Not Found: /pricesync/assets/img/icons/close-icon.svg
WARNING:django.request:Not Found: /pricesync/assets/img/icons/sun-icon.svg
WARNING:django.request:Not Found: /pricesync/assets/img/layout-01.png
WARNING:django.request:Not Found: /pricesync/assets/img/layout-04.png
WARNING:django.request:Not Found: /pricesync/assets/img/layout-rtl.png
WARNING:django.request:Not Found: /pricesync/assets/img/layout-03.png
INFO:django.utils.autoreload:C:\Users\Wayne.Maiseni\Documents\Nashua Applications\NashuaXpressPriceSync\PriceSync\views.py changed, reloading.
WARNING:django.request:Not Found: /pricesync/assets/img/icons/sidebar-icon-01.svg
WARNING:django.request:Not Found: /pricesync/assets/img/layout-ltr.png
WARNING:django.request:Not Found: /pricesync/assets/img/icons/sidebar-icon-03.svg
WARNING:django.request:Not Found: /pricesync/assets/img/icons/sidebar-icon-02.svg
WARNING:django.request:Not Found: /pricesync/assets/img/icons/sun-icon.svg
WARNING:django.request:Not Found: /pricesync/assets/img/icons/close-icon.svg
WARNING:django.request:Not Found: /pricesync/assets/img/layout-rtl.png
WARNING:django.request:Not Found: /pricesync/assets/img/layout-01.png
WARNING:django.request:Not Found: /pricesync/assets/img/layout-04.png
WARNING:django.request:Not Found: /pricesync/assets/img/layout-03.png
INFO:django.utils.autoreload:C:\Users\Wayne.Maiseni\Documents\Nashua Applications\NashuaXpressPriceSync\PriceSync\views.py changed, reloading.
ERROR:django.request:Internal Server Error: /pricesync/createuser
Traceback (most recent call last):
  File "C:\Users\Wayne.Maiseni\Documents\Nashua Applications\NashuaXpressPriceSync\PriceSync\views.py", line 616, in createaccount
    return render(request, 'ps_blocks/createuser.html', {'form': form, 'form_sub_success': form_sub_success})
                                                                 ^^^^
UnboundLocalError: cannot access local variable 'form' where it is not associated with a value

During handling of the above exception, another exception occurred:

Traceback (most recent call last):
  File "C:\Users\Wayne.Maiseni\AppData\Local\Programs\Python\Python311\Lib\site-packages\django\core\handlers\exception.py", line 55, in inner
    response = get_response(request)
               ^^^^^^^^^^^^^^^^^^^^^
  File "C:\Users\Wayne.Maiseni\AppData\Local\Programs\Python\Python311\Lib\site-packages\django\core\handlers\base.py", line 197, in _get_response
    response = wrapped_callback(request, *callback_args, **callback_kwargs)
               ^^^^^^^^^^^^^^^^^^^^^^^^^^^^^^^^^^^^^^^^^^^^^^^^^^^^^^^^^^^^
  File "C:\Users\Wayne.Maiseni\Documents\Nashua Applications\NashuaXpressPriceSync\PriceSync\views.py", line 620, in createaccount
    return render(request, 'ps_blocks/createuser.html', {'save_err': save_err, 'form': form})
                                                                                       ^^^^
UnboundLocalError: cannot access local variable 'form' where it is not associated with a value
INFO:django.utils.autoreload:C:\Users\Wayne.Maiseni\Documents\Nashua Applications\NashuaXpressPriceSync\PriceSync\views.py changed, reloading.
WARNING:django.request:Not Found: /pricesync/assets/img/icons/sidebar-icon-01.svg
WARNING:django.request:Not Found: /pricesync/assets/img/icons/sun-icon.svg
WARNING:django.request:Not Found: /pricesync/assets/img/icons/sidebar-icon-03.svg
WARNING:django.request:Not Found: /pricesync/assets/img/icons/close-icon.svg
WARNING:django.request:Not Found: /pricesync/assets/img/icons/sidebar-icon-02.svg
WARNING:django.request:Not Found: /pricesync/assets/img/layout-ltr.png
WARNING:django.request:Not Found: /pricesync/assets/img/layout-rtl.png
WARNING:django.request:Not Found: /pricesync/assets/img/layout-04.png
WARNING:django.request:Not Found: /pricesync/assets/img/layout-03.png
WARNING:django.request:Not Found: /pricesync/assets/img/layout-01.png
WARNING:django.request:Not Found: /pricesync/assets/img/icons/sidebar-icon-02.svg
WARNING:django.request:Not Found: /pricesync/assets/img/icons/sidebar-icon-01.svg
WARNING:django.request:Not Found: /pricesync/assets/img/icons/close-icon.svg
WARNING:django.request:Not Found: /pricesync/assets/img/icons/sidebar-icon-03.svg
WARNING:django.request:Not Found: /pricesync/assets/img/icons/sun-icon.svg
WARNING:django.request:Not Found: /pricesync/assets/img/layout-ltr.png
WARNING:django.request:Not Found: /pricesync/assets/img/layout-rtl.png
WARNING:django.request:Not Found: /pricesync/assets/img/layout-04.png
WARNING:django.request:Not Found: /pricesync/assets/img/layout-03.png
WARNING:django.request:Not Found: /pricesync/assets/img/layout-01.png
INFO:django.utils.autoreload:C:\Users\Wayne.Maiseni\Documents\Nashua Applications\NashuaXpressPriceSync\PriceSync\views.py changed, reloading.
WARNING:django.request:Not Found: /pricesync/assets/img/icons/sidebar-icon-03.svg
WARNING:django.request:Not Found: /pricesync/assets/img/icons/sidebar-icon-01.svg
WARNING:django.request:Not Found: /pricesync/assets/img/icons/close-icon.svg
WARNING:django.request:Not Found: /pricesync/assets/img/icons/sidebar-icon-02.svg
WARNING:django.request:Not Found: /pricesync/assets/img/layout-ltr.png
WARNING:django.request:Not Found: /pricesync/assets/img/icons/sun-icon.svg
WARNING:django.request:Not Found: /pricesync/assets/img/layout-rtl.png
WARNING:django.request:Not Found: /pricesync/assets/img/layout-04.png
WARNING:django.request:Not Found: /pricesync/assets/img/layout-01.png
WARNING:django.request:Not Found: /pricesync/assets/img/layout-03.png
INFO:django.utils.autoreload:C:\Users\Wayne.Maiseni\Documents\Nashua Applications\NashuaXpressPriceSync\PriceSync\views.py changed, reloading.
WARNING:django.request:Not Found: /pricesync/assets/img/icons/sidebar-icon-01.svg
WARNING:django.request:Not Found: /pricesync/assets/img/icons/sidebar-icon-02.svg
WARNING:django.request:Not Found: /pricesync/assets/img/icons/close-icon.svg
WARNING:django.request:Not Found: /pricesync/assets/img/icons/sun-icon.svg
WARNING:django.request:Not Found: /pricesync/assets/img/icons/sidebar-icon-03.svg
WARNING:django.request:Not Found: /pricesync/assets/img/layout-ltr.png
WARNING:django.request:Not Found: /pricesync/assets/img/layout-rtl.png
WARNING:django.request:Not Found: /pricesync/assets/img/layout-04.png
WARNING:django.request:Not Found: /pricesync/assets/img/layout-03.png
WARNING:django.request:Not Found: /pricesync/assets/img/layout-01.png
INFO:django.utils.autoreload:C:\Users\Wayne.Maiseni\Documents\Nashua Applications\NashuaXpressPriceSync\PriceSync\views.py changed, reloading.
WARNING:django.request:Not Found: /pricesync/assets/img/icons/sidebar-icon-03.svg
WARNING:django.request:Not Found: /pricesync/assets/img/icons/close-icon.svg
WARNING:django.request:Not Found: /pricesync/assets/img/icons/sun-icon.svg
WARNING:django.request:Not Found: /pricesync/assets/img/icons/sidebar-icon-01.svg
WARNING:django.request:Not Found: /pricesync/assets/img/layout-ltr.png
WARNING:django.request:Not Found: /pricesync/assets/img/icons/sidebar-icon-02.svg
WARNING:django.request:Not Found: /pricesync/assets/img/layout-04.png
WARNING:django.request:Not Found: /pricesync/assets/img/layout-rtl.png
WARNING:django.request:Not Found: /pricesync/assets/img/layout-03.png
WARNING:django.request:Not Found: /pricesync/assets/img/layout-01.png
WARNING:django.request:Not Found: /pricesync/assets/img/icons/sun-icon.svg
WARNING:django.request:Not Found: /pricesync/assets/img/icons/sidebar-icon-01.svg
WARNING:django.request:Not Found: /pricesync/assets/img/layout-ltr.png
WARNING:django.request:Not Found: /pricesync/assets/img/icons/close-icon.svg
WARNING:django.request:Not Found: /pricesync/assets/img/icons/sidebar-icon-03.svg
WARNING:django.request:Not Found: /pricesync/assets/img/icons/sidebar-icon-02.svg
WARNING:django.request:Not Found: /pricesync/assets/img/layout-03.png
WARNING:django.request:Not Found: /pricesync/assets/img/layout-rtl.png
WARNING:django.request:Not Found: /pricesync/assets/img/layout-01.png
WARNING:django.request:Not Found: /pricesync/assets/img/layout-04.png
INFO:django.utils.autoreload:C:\Users\Wayne.Maiseni\Documents\Nashua Applications\NashuaXpressPriceSync\PriceSync\views.py changed, reloading.
WARNING:django.request:Not Found: /pricesync/assets/img/icons/sidebar-icon-03.svg
WARNING:django.request:Not Found: /pricesync/assets/img/icons/close-icon.svg
WARNING:django.request:Not Found: /pricesync/assets/img/icons/sidebar-icon-01.svg
WARNING:django.request:Not Found: /pricesync/assets/img/icons/sun-icon.svg
WARNING:django.request:Not Found: /pricesync/assets/img/layout-ltr.png
WARNING:django.request:Not Found: /pricesync/assets/img/icons/sidebar-icon-02.svg
WARNING:django.request:Not Found: /pricesync/assets/img/layout-04.png
WARNING:django.request:Not Found: /pricesync/assets/img/layout-01.png
WARNING:django.request:Not Found: /pricesync/assets/img/layout-rtl.png
WARNING:django.request:Not Found: /pricesync/assets/img/layout-03.png
WARNING:django.request:Not Found: /pricesync/assets/img/icons/sidebar-icon-02.svg
WARNING:django.request:Not Found: /pricesync/assets/img/icons/sidebar-icon-01.svg
WARNING:django.request:Not Found: /pricesync/assets/img/icons/close-icon.svg
WARNING:django.request:Not Found: /pricesync/assets/img/icons/sidebar-icon-03.svg
WARNING:django.request:Not Found: /pricesync/assets/img/layout-ltr.png
WARNING:django.request:Not Found: /pricesync/assets/img/icons/sun-icon.svg
WARNING:django.request:Not Found: /pricesync/assets/img/layout-rtl.png
WARNING:django.request:Not Found: /pricesync/assets/img/layout-01.png
WARNING:django.request:Not Found: /pricesync/assets/img/layout-04.png
WARNING:django.request:Not Found: /pricesync/assets/img/layout-03.png
WARNING:django.request:Not Found: /pricesync/assets/img/icons/sidebar-icon-02.svg
WARNING:django.request:Not Found: /pricesync/assets/img/icons/sidebar-icon-01.svg
WARNING:django.request:Not Found: /pricesync/assets/img/icons/close-icon.svg
WARNING:django.request:Not Found: /pricesync/assets/img/icons/sidebar-icon-03.svg
WARNING:django.request:Not Found: /pricesync/assets/img/icons/sun-icon.svg
WARNING:django.request:Not Found: /pricesync/assets/img/layout-ltr.png
WARNING:django.request:Not Found: /pricesync/assets/img/layout-rtl.png
WARNING:django.request:Not Found: /pricesync/assets/img/layout-04.png
WARNING:django.request:Not Found: /pricesync/assets/img/layout-03.png
WARNING:django.request:Not Found: /pricesync/assets/img/layout-01.png
WARNING:django.request:Not Found: /pricesync/assets/img/icons/sidebar-icon-02.svg
WARNING:django.request:Not Found: /pricesync/assets/img/icons/sidebar-icon-03.svg
WARNING:django.request:Not Found: /pricesync/assets/img/icons/sidebar-icon-01.svg
WARNING:django.request:Not Found: /pricesync/assets/img/icons/sun-icon.svg
WARNING:django.request:Not Found: /pricesync/assets/img/icons/close-icon.svg
WARNING:django.request:Not Found: /pricesync/assets/img/layout-ltr.png
WARNING:django.request:Not Found: /pricesync/assets/img/layout-rtl.png
WARNING:django.request:Not Found: /pricesync/assets/img/layout-04.png
WARNING:django.request:Not Found: /pricesync/assets/img/layout-01.png
WARNING:django.request:Not Found: /pricesync/assets/img/layout-03.png
WARNING:django.request:Not Found: /pricesync/assets/img/icons/close-icon.svg
WARNING:django.request:Not Found: /pricesync/assets/img/icons/sidebar-icon-03.svg
WARNING:django.request:Not Found: /pricesync/assets/img/icons/sidebar-icon-02.svg
WARNING:django.request:Not Found: /pricesync/assets/img/icons/sidebar-icon-01.svg
WARNING:django.request:Not Found: /pricesync/assets/img/layout-ltr.png
WARNING:django.request:Not Found: /pricesync/assets/img/icons/sun-icon.svg
WARNING:django.request:Not Found: /pricesync/assets/img/layout-04.png
WARNING:django.request:Not Found: /pricesync/assets/img/layout-03.png
WARNING:django.request:Not Found: /pricesync/assets/img/layout-rtl.png
WARNING:django.request:Not Found: /pricesync/assets/img/layout-01.png
WARNING:django.request:Not Found: /pricesync/assets/img/icons/sidebar-icon-02.svg
WARNING:django.request:Not Found: /pricesync/assets/img/icons/sidebar-icon-01.svg
WARNING:django.request:Not Found: /pricesync/assets/img/icons/close-icon.svg
WARNING:django.request:Not Found: /pricesync/assets/img/icons/sidebar-icon-03.svg
WARNING:django.request:Not Found: /pricesync/assets/img/layout-ltr.png
WARNING:django.request:Not Found: /pricesync/assets/img/icons/sun-icon.svg
WARNING:django.request:Not Found: /pricesync/assets/img/layout-04.png
WARNING:django.request:Not Found: /pricesync/assets/img/layout-rtl.png
WARNING:django.request:Not Found: /pricesync/assets/img/layout-01.png
WARNING:django.request:Not Found: /pricesync/assets/img/layout-03.png
WARNING:django.request:Not Found: /pricesync/assets/img/icons/sidebar-icon-01.svg
WARNING:django.request:Not Found: /pricesync/assets/img/layout-ltr.png
WARNING:django.request:Not Found: /pricesync/assets/img/icons/sidebar-icon-02.svg
WARNING:django.request:Not Found: /pricesync/assets/img/icons/close-icon.svg
WARNING:django.request:Not Found: /pricesync/assets/img/icons/sun-icon.svg
WARNING:django.request:Not Found: /pricesync/assets/img/icons/sidebar-icon-03.svg
WARNING:django.request:Not Found: /pricesync/assets/img/layout-rtl.png
WARNING:django.request:Not Found: /pricesync/assets/img/layout-04.png
WARNING:django.request:Not Found: /pricesync/assets/img/layout-03.png
WARNING:django.request:Not Found: /pricesync/assets/img/layout-01.png
WARNING:django.request:Not Found: /pricesync/assets/img/icons/close-icon.svg
WARNING:django.request:Not Found: /pricesync/assets/img/icons/sidebar-icon-02.svg
WARNING:django.request:Not Found: /pricesync/assets/img/icons/sidebar-icon-01.svg
WARNING:django.request:Not Found: /pricesync/assets/img/icons/sidebar-icon-03.svg
WARNING:django.request:Not Found: /pricesync/assets/img/icons/sun-icon.svg
WARNING:django.request:Not Found: /pricesync/assets/img/layout-ltr.png
WARNING:django.request:Not Found: /pricesync/assets/img/layout-01.png
WARNING:django.request:Not Found: /pricesync/assets/img/layout-04.png
WARNING:django.request:Not Found: /pricesync/assets/img/layout-rtl.png
WARNING:django.request:Not Found: /pricesync/assets/img/layout-03.png
WARNING:django.request:Not Found: /pricesync/assets/img/icons/sidebar-icon-01.svg
WARNING:django.request:Not Found: /pricesync/assets/img/icons/sidebar-icon-02.svg
WARNING:django.request:Not Found: /pricesync/assets/img/icons/sidebar-icon-03.svg
WARNING:django.request:Not Found: /pricesync/assets/img/icons/close-icon.svg
WARNING:django.request:Not Found: /pricesync/assets/img/layout-ltr.png
WARNING:django.request:Not Found: /pricesync/assets/img/icons/sun-icon.svg
WARNING:django.request:Not Found: /pricesync/assets/img/layout-rtl.png
WARNING:django.request:Not Found: /pricesync/assets/img/layout-04.png
WARNING:django.request:Not Found: /pricesync/assets/img/layout-03.png
WARNING:django.request:Not Found: /pricesync/assets/img/layout-01.png
WARNING:django.request:Not Found: /pricesync/assets/img/icons/sidebar-icon-03.svg
WARNING:django.request:Not Found: /pricesync/assets/img/icons/sidebar-icon-01.svg
WARNING:django.request:Not Found: /pricesync/assets/img/layout-ltr.png
WARNING:django.request:Not Found: /pricesync/assets/img/icons/sidebar-icon-02.svg
WARNING:django.request:Not Found: /pricesync/assets/img/icons/close-icon.svg
WARNING:django.request:Not Found: /pricesync/assets/img/icons/sun-icon.svg
WARNING:django.request:Not Found: /pricesync/assets/img/layout-04.png
WARNING:django.request:Not Found: /pricesync/assets/img/layout-rtl.png
WARNING:django.request:Not Found: /pricesync/assets/img/layout-01.png
WARNING:django.request:Not Found: /pricesync/assets/img/layout-03.png
INFO:django.utils.autoreload:C:\Users\Wayne.Maiseni\Documents\Nashua Applications\NashuaXpressPriceSync\PriceSync\views.py changed, reloading.
WARNING:django.request:Not Found: /pricesync/assets/img/layout-ltr.png
WARNING:django.request:Not Found: /pricesync/assets/img/icons/sidebar-icon-01.svg
WARNING:django.request:Not Found: /pricesync/assets/img/icons/sun-icon.svg
WARNING:django.request:Not Found: /pricesync/assets/img/icons/close-icon.svg
WARNING:django.request:Not Found: /pricesync/assets/img/icons/sidebar-icon-02.svg
WARNING:django.request:Not Found: /pricesync/assets/img/icons/sidebar-icon-03.svg
WARNING:django.request:Not Found: /pricesync/assets/img/layout-rtl.png
WARNING:django.request:Not Found: /pricesync/assets/img/layout-03.png
WARNING:django.request:Not Found: /pricesync/assets/img/layout-04.png
WARNING:django.request:Not Found: /pricesync/assets/img/layout-01.png
WARNING:django.request:Not Found: /pricesync/assets/img/icons/close-icon.svg
WARNING:django.request:Not Found: /pricesync/assets/img/icons/sidebar-icon-01.svg
WARNING:django.request:Not Found: /pricesync/assets/img/icons/sidebar-icon-02.svg
WARNING:django.request:Not Found: /pricesync/assets/img/icons/sidebar-icon-03.svg
WARNING:django.request:Not Found: /pricesync/assets/img/icons/sun-icon.svg
WARNING:django.request:Not Found: /pricesync/assets/img/layout-ltr.png
WARNING:django.request:Not Found: /pricesync/assets/img/layout-rtl.png
WARNING:django.request:Not Found: /pricesync/assets/img/layout-04.png
WARNING:django.request:Not Found: /pricesync/assets/img/layout-03.png
WARNING:django.request:Not Found: /pricesync/assets/img/layout-01.png
WARNING:django.request:Not Found: /pricesync/assets/img/icons/sidebar-icon-01.svg
WARNING:django.request:Not Found: /pricesync/assets/img/icons/sidebar-icon-02.svg
WARNING:django.request:Not Found: /pricesync/assets/img/icons/sidebar-icon-03.svg
WARNING:django.request:Not Found: /pricesync/assets/img/icons/close-icon.svg
WARNING:django.request:Not Found: /pricesync/assets/img/icons/sun-icon.svg
WARNING:django.request:Not Found: /pricesync/assets/img/layout-ltr.png
WARNING:django.request:Not Found: /pricesync/assets/img/layout-04.png
WARNING:django.request:Not Found: /pricesync/assets/img/layout-01.png
WARNING:django.request:Not Found: /pricesync/assets/img/layout-rtl.png
WARNING:django.request:Not Found: /pricesync/assets/img/layout-03.png
WARNING:django.request:Not Found: /pricesync/assets/img/icons/sun-icon.svg
WARNING:django.request:Not Found: /pricesync/assets/img/icons/sidebar-icon-02.svg
WARNING:django.request:Not Found: /pricesync/assets/img/icons/close-icon.svg
WARNING:django.request:Not Found: /pricesync/assets/img/icons/sidebar-icon-01.svg
WARNING:django.request:Not Found: /pricesync/assets/img/icons/sidebar-icon-03.svg
WARNING:django.request:Not Found: /pricesync/assets/img/layout-ltr.png
WARNING:django.request:Not Found: /pricesync/assets/img/layout-01.png
WARNING:django.request:Not Found: /pricesync/assets/img/layout-04.png
WARNING:django.request:Not Found: /pricesync/assets/img/layout-rtl.png
WARNING:django.request:Not Found: /pricesync/assets/img/layout-03.png
WARNING:django.request:Not Found: /pricesync/assets/img/icons/sidebar-icon-02.svg
WARNING:django.request:Not Found: /pricesync/assets/img/icons/sidebar-icon-03.svg
WARNING:django.request:Not Found: /pricesync/assets/img/icons/sun-icon.svg
WARNING:django.request:Not Found: /pricesync/assets/img/icons/close-icon.svg
WARNING:django.request:Not Found: /pricesync/assets/img/icons/sidebar-icon-01.svg
WARNING:django.request:Not Found: /pricesync/assets/img/layout-ltr.png
WARNING:django.request:Not Found: /pricesync/assets/img/layout-rtl.png
WARNING:django.request:Not Found: /pricesync/assets/img/layout-04.png
WARNING:django.request:Not Found: /pricesync/assets/img/layout-03.png
WARNING:django.request:Not Found: /pricesync/assets/img/layout-01.png
WARNING:django.request:Not Found: /pricesync/assets/img/icons/sidebar-icon-01.svg
WARNING:django.request:Not Found: /pricesync/assets/img/icons/sidebar-icon-02.svg
WARNING:django.request:Not Found: /pricesync/assets/img/icons/sidebar-icon-03.svg
WARNING:django.request:Not Found: /pricesync/assets/img/icons/sun-icon.svg
WARNING:django.request:Not Found: /pricesync/assets/img/icons/close-icon.svg
WARNING:django.request:Not Found: /pricesync/assets/img/layout-ltr.png
WARNING:django.request:Not Found: /pricesync/assets/img/layout-rtl.png
WARNING:django.request:Not Found: /pricesync/assets/img/layout-04.png
WARNING:django.request:Not Found: /pricesync/assets/img/layout-01.png
WARNING:django.request:Not Found: /pricesync/assets/img/layout-03.png
WARNING:django.request:Not Found: /pricesync/assets/img/icons/sidebar-icon-02.svg
WARNING:django.request:Not Found: /pricesync/assets/img/icons/sun-icon.svg
WARNING:django.request:Not Found: /pricesync/assets/img/icons/sidebar-icon-01.svg
WARNING:django.request:Not Found: /pricesync/assets/img/icons/sidebar-icon-03.svg
WARNING:django.request:Not Found: /pricesync/assets/img/icons/close-icon.svg
WARNING:django.request:Not Found: /pricesync/assets/img/layout-ltr.png
WARNING:django.request:Not Found: /pricesync/assets/img/layout-rtl.png
WARNING:django.request:Not Found: /pricesync/assets/img/layout-01.png
WARNING:django.request:Not Found: /pricesync/assets/img/layout-04.png
WARNING:django.request:Not Found: /pricesync/assets/img/layout-03.png
WARNING:django.request:Not Found: /pricesync/assets/img/icons/sidebar-icon-02.svg
WARNING:django.request:Not Found: /pricesync/assets/img/icons/close-icon.svg
WARNING:django.request:Not Found: /pricesync/assets/img/icons/sidebar-icon-03.svg
WARNING:django.request:Not Found: /pricesync/assets/img/icons/sidebar-icon-01.svg
WARNING:django.request:Not Found: /pricesync/assets/img/icons/sun-icon.svg
WARNING:django.request:Not Found: /pricesync/assets/img/layout-ltr.png
WARNING:django.request:Not Found: /pricesync/assets/img/layout-04.png
WARNING:django.request:Not Found: /pricesync/assets/img/layout-rtl.png
WARNING:django.request:Not Found: /pricesync/assets/img/layout-01.png
WARNING:django.request:Not Found: /pricesync/assets/img/layout-03.png
WARNING:django.request:Not Found: /pricesync/assets/img/icons/sidebar-icon-01.svg
WARNING:django.request:Not Found: /pricesync/assets/img/icons/sidebar-icon-02.svg
WARNING:django.request:Not Found: /pricesync/assets/img/icons/sidebar-icon-03.svg
WARNING:django.request:Not Found: /pricesync/assets/img/icons/close-icon.svg
WARNING:django.request:Not Found: /pricesync/assets/img/icons/sun-icon.svg
WARNING:django.request:Not Found: /pricesync/assets/img/layout-ltr.png
WARNING:django.request:Not Found: /pricesync/assets/img/layout-rtl.png
WARNING:django.request:Not Found: /pricesync/assets/img/layout-04.png
WARNING:django.request:Not Found: /pricesync/assets/img/layout-01.png
WARNING:django.request:Not Found: /pricesync/assets/img/layout-03.png
WARNING:django.request:Not Found: /pricesync/assets/img/icons/sidebar-icon-03.svg
WARNING:django.request:Not Found: /pricesync/assets/img/icons/sidebar-icon-02.svg
WARNING:django.request:Not Found: /pricesync/assets/img/icons/sidebar-icon-01.svg
WARNING:django.request:Not Found: /pricesync/assets/img/icons/close-icon.svg
WARNING:django.request:Not Found: /pricesync/assets/img/layout-ltr.png
WARNING:django.request:Not Found: /pricesync/assets/img/icons/sun-icon.svg
WARNING:django.request:Not Found: /pricesync/assets/img/layout-rtl.png
WARNING:django.request:Not Found: /pricesync/assets/img/layout-04.png
WARNING:django.request:Not Found: /pricesync/assets/img/layout-01.png
WARNING:django.request:Not Found: /pricesync/assets/img/layout-03.png
WARNING:django.request:Not Found: /pricesync/assets/img/icons/close-icon.svg
WARNING:django.request:Not Found: /pricesync/assets/img/icons/sidebar-icon-01.svg
WARNING:django.request:Not Found: /pricesync/assets/img/icons/sidebar-icon-03.svg
WARNING:django.request:Not Found: /pricesync/assets/img/icons/sidebar-icon-02.svg
WARNING:django.request:Not Found: /pricesync/assets/img/icons/sun-icon.svg
WARNING:django.request:Not Found: /pricesync/assets/img/layout-ltr.png
WARNING:django.request:Not Found: /pricesync/assets/img/layout-rtl.png
WARNING:django.request:Not Found: /pricesync/assets/img/layout-04.png
WARNING:django.request:Not Found: /pricesync/assets/img/layout-01.png
WARNING:django.request:Not Found: /pricesync/assets/img/layout-03.png
WARNING:django.request:Not Found: /pricesync/assets/img/icons/sidebar-icon-01.svg
WARNING:django.request:Not Found: /pricesync/assets/img/icons/sidebar-icon-02.svg
WARNING:django.request:Not Found: /pricesync/assets/img/icons/sidebar-icon-03.svg
WARNING:django.request:Not Found: /pricesync/assets/img/icons/close-icon.svg
WARNING:django.request:Not Found: /pricesync/assets/img/icons/sun-icon.svg
WARNING:django.request:Not Found: /pricesync/assets/img/layout-ltr.png
WARNING:django.request:Not Found: /pricesync/assets/img/layout-rtl.png
WARNING:django.request:Not Found: /pricesync/assets/img/layout-04.png
WARNING:django.request:Not Found: /pricesync/assets/img/layout-01.png
WARNING:django.request:Not Found: /pricesync/assets/img/layout-03.png
WARNING:django.request:Not Found: /pricesync/assets/img/icons/sidebar-icon-01.svg
WARNING:django.request:Not Found: /pricesync/assets/img/icons/sidebar-icon-02.svg
WARNING:django.request:Not Found: /pricesync/assets/img/icons/sun-icon.svg
WARNING:django.request:Not Found: /pricesync/assets/img/icons/close-icon.svg
WARNING:django.request:Not Found: /pricesync/assets/img/icons/sidebar-icon-03.svg
WARNING:django.request:Not Found: /pricesync/assets/img/layout-ltr.png
WARNING:django.request:Not Found: /pricesync/assets/img/layout-rtl.png
WARNING:django.request:Not Found: /pricesync/assets/img/layout-01.png
WARNING:django.request:Not Found: /pricesync/assets/img/layout-04.png
WARNING:django.request:Not Found: /pricesync/assets/img/layout-03.png
INFO:django.utils.autoreload:C:\Users\Wayne.Maiseni\Documents\Nashua Applications\NashuaXpressPriceSync\PriceSync\views.py changed, reloading.
WARNING:django.request:Not Found: /pricesync/assets/img/icons/sidebar-icon-01.svg
WARNING:django.request:Not Found: /pricesync/assets/img/icons/sidebar-icon-02.svg
WARNING:django.request:Not Found: /pricesync/assets/img/icons/sidebar-icon-03.svg
WARNING:django.request:Not Found: /pricesync/assets/img/icons/close-icon.svg
WARNING:django.request:Not Found: /pricesync/assets/img/icons/sun-icon.svg
WARNING:django.request:Not Found: /pricesync/assets/img/layout-ltr.png
WARNING:django.request:Not Found: /pricesync/assets/img/layout-rtl.png
WARNING:django.request:Not Found: /pricesync/assets/img/layout-01.png
WARNING:django.request:Not Found: /pricesync/assets/img/layout-04.png
WARNING:django.request:Not Found: /pricesync/assets/img/layout-03.png
WARNING:django.request:Not Found: /pricesync/assets/img/icons/sidebar-icon-01.svg
WARNING:django.request:Not Found: /pricesync/assets/img/icons/sidebar-icon-03.svg
WARNING:django.request:Not Found: /pricesync/assets/img/icons/sidebar-icon-02.svg
WARNING:django.request:Not Found: /pricesync/assets/img/icons/close-icon.svg
WARNING:django.request:Not Found: /pricesync/assets/img/icons/sun-icon.svg
WARNING:django.request:Not Found: /pricesync/assets/img/layout-ltr.png
WARNING:django.request:Not Found: /pricesync/assets/img/layout-rtl.png
WARNING:django.request:Not Found: /pricesync/assets/img/layout-03.png
WARNING:django.request:Not Found: /pricesync/assets/img/layout-04.png
WARNING:django.request:Not Found: /pricesync/assets/img/layout-01.png
WARNING:django.request:Not Found: /pricesync/assets/img/icons/sidebar-icon-01.svg
WARNING:django.request:Not Found: /pricesync/assets/img/icons/sidebar-icon-03.svg
WARNING:django.request:Not Found: /pricesync/assets/img/icons/sidebar-icon-02.svg
WARNING:django.request:Not Found: /pricesync/assets/img/icons/close-icon.svg
WARNING:django.request:Not Found: /pricesync/assets/img/layout-ltr.png
WARNING:django.request:Not Found: /pricesync/assets/img/icons/sun-icon.svg
WARNING:django.request:Not Found: /pricesync/assets/img/layout-rtl.png
WARNING:django.request:Not Found: /pricesync/assets/img/layout-04.png
WARNING:django.request:Not Found: /pricesync/assets/img/layout-01.png
WARNING:django.request:Not Found: /pricesync/assets/img/layout-03.png
INFO:django.utils.autoreload:C:\Users\Wayne.Maiseni\Documents\Nashua Applications\NashuaXpressPriceSync\PriceSync\views.py changed, reloading.
ERROR:django.request:Internal Server Error: /pricesync/createuser
Traceback (most recent call last):
  File "C:\Users\Wayne.Maiseni\AppData\Local\Programs\Python\Python311\Lib\site-packages\django\core\handlers\exception.py", line 55, in inner
    response = get_response(request)
               ^^^^^^^^^^^^^^^^^^^^^
  File "C:\Users\Wayne.Maiseni\AppData\Local\Programs\Python\Python311\Lib\site-packages\django\core\handlers\base.py", line 197, in _get_response
    response = wrapped_callback(request, *callback_args, **callback_kwargs)
               ^^^^^^^^^^^^^^^^^^^^^^^^^^^^^^^^^^^^^^^^^^^^^^^^^^^^^^^^^^^^
  File "C:\Users\Wayne.Maiseni\Documents\Nashua Applications\NashuaXpressPriceSync\PriceSync\views.py", line 646, in createaccount
    user_exist_err = "The following fields are already in use: "+{', '.join(fields_in_use)}
                     ~~~~~~~~~~~~~~~~~~~~~~~~~~~~~~~~~~~~~~~~~~~^~~~~~~~~~~~~~~~~~~~~~~~~~~
TypeError: can only concatenate str (not "set") to str
WARNING:django.request:Not Found: /favicon.ico
INFO:django.utils.autoreload:C:\Users\Wayne.Maiseni\Documents\Nashua Applications\NashuaXpressPriceSync\PriceSync\views.py changed, reloading.
ERROR:django.request:Internal Server Error: /pricesync/createuser
Traceback (most recent call last):
  File "C:\Users\Wayne.Maiseni\AppData\Local\Programs\Python\Python311\Lib\site-packages\django\core\handlers\exception.py", line 55, in inner
    response = get_response(request)
               ^^^^^^^^^^^^^^^^^^^^^
  File "C:\Users\Wayne.Maiseni\AppData\Local\Programs\Python\Python311\Lib\site-packages\django\core\handlers\base.py", line 197, in _get_response
    response = wrapped_callback(request, *callback_args, **callback_kwargs)
               ^^^^^^^^^^^^^^^^^^^^^^^^^^^^^^^^^^^^^^^^^^^^^^^^^^^^^^^^^^^^
  File "C:\Users\Wayne.Maiseni\Documents\Nashua Applications\NashuaXpressPriceSync\PriceSync\views.py", line 646, in createaccount
    user_exist_err = "The following fields are already in use: "+{', '.join(fields_in_use)}+""
                     ~~~~~~~~~~~~~~~~~~~~~~~~~~~~~~~~~~~~~~~~~~~^~~~~~~~~~~~~~~~~~~~~~~~~~~
TypeError: can only concatenate str (not "set") to str
INFO:django.utils.autoreload:C:\Users\Wayne.Maiseni\Documents\Nashua Applications\NashuaXpressPriceSync\PriceSync\views.py changed, reloading.
WARNING:django.request:Not Found: /pricesync/assets/img/icons/sidebar-icon-02.svg
WARNING:django.request:Not Found: /pricesync/assets/img/icons/sidebar-icon-03.svg
WARNING:django.request:Not Found: /pricesync/assets/img/icons/close-icon.svg
WARNING:django.request:Not Found: /pricesync/assets/img/icons/sun-icon.svg
WARNING:django.request:Not Found: /pricesync/assets/img/icons/sidebar-icon-01.svg
WARNING:django.request:Not Found: /pricesync/assets/img/layout-ltr.png
WARNING:django.request:Not Found: /pricesync/assets/img/layout-rtl.png
WARNING:django.request:Not Found: /pricesync/assets/img/layout-04.png
WARNING:django.request:Not Found: /pricesync/assets/img/layout-01.png
WARNING:django.request:Not Found: /pricesync/assets/img/layout-03.png
INFO:django.utils.autoreload:C:\Users\Wayne.Maiseni\Documents\Nashua Applications\NashuaXpressPriceSync\PriceSync\views.py changed, reloading.
ERROR:django.request:Internal Server Error: /pricesync/createuser
Traceback (most recent call last):
  File "C:\Users\Wayne.Maiseni\AppData\Local\Programs\Python\Python311\Lib\site-packages\django\core\handlers\exception.py", line 55, in inner
    response = get_response(request)
               ^^^^^^^^^^^^^^^^^^^^^
  File "C:\Users\Wayne.Maiseni\AppData\Local\Programs\Python\Python311\Lib\site-packages\django\core\handlers\base.py", line 197, in _get_response
    response = wrapped_callback(request, *callback_args, **callback_kwargs)
               ^^^^^^^^^^^^^^^^^^^^^^^^^^^^^^^^^^^^^^^^^^^^^^^^^^^^^^^^^^^^
  File "C:\Users\Wayne.Maiseni\Documents\Nashua Applications\NashuaXpressPriceSync\PriceSync\views.py", line 642, in createaccount
    if User.objects.filter(Q(**{field_name: field_value})).exists():
       ^^^^^^^^^^^^^^^^^^^^^^^^^^^^^^^^^^^^^^^^^^^^^^^^^^^
  File "C:\Users\Wayne.Maiseni\AppData\Local\Programs\Python\Python311\Lib\site-packages\django\db\models\manager.py", line 87, in manager_method
    return getattr(self.get_queryset(), name)(*args, **kwargs)
           ^^^^^^^^^^^^^^^^^^^^^^^^^^^^^^^^^^^^^^^^^^^^^^^^^^^
  File "C:\Users\Wayne.Maiseni\AppData\Local\Programs\Python\Python311\Lib\site-packages\django\db\models\query.py", line 1436, in filter
    return self._filter_or_exclude(False, args, kwargs)
           ^^^^^^^^^^^^^^^^^^^^^^^^^^^^^^^^^^^^^^^^^^^^
  File "C:\Users\Wayne.Maiseni\AppData\Local\Programs\Python\Python311\Lib\site-packages\django\db\models\query.py", line 1454, in _filter_or_exclude
    clone._filter_or_exclude_inplace(negate, args, kwargs)
  File "C:\Users\Wayne.Maiseni\AppData\Local\Programs\Python\Python311\Lib\site-packages\django\db\models\query.py", line 1461, in _filter_or_exclude_inplace
    self._query.add_q(Q(*args, **kwargs))
  File "C:\Users\Wayne.Maiseni\AppData\Local\Programs\Python\Python311\Lib\site-packages\django\db\models\sql\query.py", line 1545, in add_q
    clause, _ = self._add_q(q_object, self.used_aliases)
                ^^^^^^^^^^^^^^^^^^^^^^^^^^^^^^^^^^^^^^^^
  File "C:\Users\Wayne.Maiseni\AppData\Local\Programs\Python\Python311\Lib\site-packages\django\db\models\sql\query.py", line 1576, in _add_q
    child_clause, needed_inner = self.build_filter(
                                 ^^^^^^^^^^^^^^^^^^
  File "C:\Users\Wayne.Maiseni\AppData\Local\Programs\Python\Python311\Lib\site-packages\django\db\models\sql\query.py", line 1404, in build_filter
    return self._add_q(
           ^^^^^^^^^^^^
  File "C:\Users\Wayne.Maiseni\AppData\Local\Programs\Python\Python311\Lib\site-packages\django\db\models\sql\query.py", line 1576, in _add_q
    child_clause, needed_inner = self.build_filter(
                                 ^^^^^^^^^^^^^^^^^^
  File "C:\Users\Wayne.Maiseni\AppData\Local\Programs\Python\Python311\Lib\site-packages\django\db\models\sql\query.py", line 1426, in build_filter
    lookups, parts, reffed_expression = self.solve_lookup_type(arg, summarize)
                                        ^^^^^^^^^^^^^^^^^^^^^^^^^^^^^^^^^^^^^^
  File "C:\Users\Wayne.Maiseni\AppData\Local\Programs\Python\Python311\Lib\site-packages\django\db\models\sql\query.py", line 1236, in solve_lookup_type
    _, field, _, lookup_parts = self.names_to_path(lookup_splitted, self.get_meta())
                                ^^^^^^^^^^^^^^^^^^^^^^^^^^^^^^^^^^^^^^^^^^^^^^^^^^^^
  File "C:\Users\Wayne.Maiseni\AppData\Local\Programs\Python\Python311\Lib\site-packages\django\db\models\sql\query.py", line 1724, in names_to_path
    raise FieldError(
django.core.exceptions.FieldError: Cannot resolve keyword 'Username' into field. Choices are: account_creation_date, contact_number, date_of_hire, department, department_id, email, employee_id, employee_status, first_name, id, job_title, last_name, manager, manager_id, password, profile_picture_url, role, role_id, updatedBy, updatedOn, user, username
INFO:django.utils.autoreload:C:\Users\Wayne.Maiseni\Documents\Nashua Applications\NashuaXpressPriceSync\PriceSync\views.py changed, reloading.
WARNING:django.request:Not Found: /pricesync/assets/img/icons/sidebar-icon-01.svg
WARNING:django.request:Not Found: /pricesync/assets/img/icons/sidebar-icon-02.svg
WARNING:django.request:Not Found: /pricesync/assets/img/icons/close-icon.svg
WARNING:django.request:Not Found: /pricesync/assets/img/icons/sidebar-icon-03.svg
WARNING:django.request:Not Found: /pricesync/assets/img/icons/sun-icon.svg
WARNING:django.request:Not Found: /pricesync/assets/img/layout-ltr.png
WARNING:django.request:Not Found: /pricesync/assets/img/layout-rtl.png
WARNING:django.request:Not Found: /pricesync/assets/img/layout-04.png
WARNING:django.request:Not Found: /pricesync/assets/img/layout-01.png
WARNING:django.request:Not Found: /pricesync/assets/img/layout-03.png
INFO:django.utils.autoreload:C:\Users\Wayne.Maiseni\Documents\Nashua Applications\NashuaXpressPriceSync\PriceSync\views.py changed, reloading.
WARNING:django.request:Not Found: /pricesync/assets/img/icons/eye1.svg
WARNING:django.request:Not Found: /pricesync/assets/img/icons/search-whites.svg
WARNING:django.request:Not Found: /pricesync/assets/img/icons/edit.svg
WARNING:django.request:Not Found: /pricesync/assets/img/icons/download.svg
WARNING:django.request:Not Found: /pricesync/assets/img/icons/dollar-square.svg
WARNING:django.request:Not Found: /pricesync/assets/img/icons/plus-circle.svg
WARNING:django.request:Not Found: /pricesync/assets/img/icons/delete1.svg
WARNING:django.request:Not Found: /pricesync/assets/img/icons/eye1.svg
WARNING:django.request:Not Found: /pricesync/assets/img/icons/eye1.svg
WARNING:django.request:Not Found: /pricesync/assets/img/icons/dollar-square.svg
WARNING:django.request:Not Found: /pricesync/assets/img/icons/edit.svg
WARNING:django.request:Not Found: /pricesync/assets/img/icons/download.svg
WARNING:django.request:Not Found: /pricesync/assets/img/icons/plus-circle.svg
WARNING:django.request:Not Found: /pricesync/assets/img/icons/delete1.svg
WARNING:django.request:Not Found: /pricesync/assets/img/icons/dollar-square.svg
WARNING:django.request:Not Found: /pricesync/assets/img/icons/eye1.svg
WARNING:django.request:Not Found: /pricesync/assets/img/icons/edit.svg
WARNING:django.request:Not Found: /pricesync/assets/img/icons/download.svg
WARNING:django.request:Not Found: /pricesync/assets/img/icons/eye1.svg
WARNING:django.request:Not Found: /pricesync/assets/img/icons/dollar-square.svg
WARNING:django.request:Not Found: /pricesync/assets/img/icons/delete1.svg
WARNING:django.request:Not Found: /pricesync/assets/img/icons/plus-circle.svg
WARNING:django.request:Not Found: /pricesync/assets/img/icons/edit.svg
WARNING:django.request:Not Found: /pricesync/assets/img/icons/dollar-square.svg
WARNING:django.request:Not Found: /pricesync/assets/img/icons/eye1.svg
WARNING:django.request:Not Found: /pricesync/assets/img/icons/download.svg
WARNING:django.request:Not Found: /pricesync/assets/img/icons/delete1.svg
WARNING:django.request:Not Found: /pricesync/assets/img/icons/plus-circle.svg
WARNING:django.request:Not Found: /pricesync/assets/img/icons/edit.svg
WARNING:django.request:Not Found: /pricesync/assets/img/icons/delete1.svg
WARNING:django.request:Not Found: /pricesync/assets/img/icons/eye1.svg
WARNING:django.request:Not Found: /pricesync/assets/img/icons/download.svg
WARNING:django.request:Not Found: /pricesync/assets/img/icons/plus-circle.svg
WARNING:django.request:Not Found: /pricesync/assets/img/icons/dollar-square.svg
WARNING:django.request:Not Found: /pricesync/assets/img/icons/edit.svg
WARNING:django.request:Not Found: /pricesync/assets/img/icons/delete1.svg
WARNING:django.request:Not Found: /pricesync/assets/img/icons/download.svg
WARNING:django.request:Not Found: /pricesync/assets/img/icons/eye1.svg
WARNING:django.request:Not Found: /pricesync/assets/img/icons/dollar-square.svg
WARNING:django.request:Not Found: /pricesync/assets/img/icons/plus-circle.svg
WARNING:django.request:Not Found: /pricesync/assets/img/icons/edit.svg
WARNING:django.request:Not Found: /pricesync/assets/img/icons/dollar-square.svg
WARNING:django.request:Not Found: /pricesync/assets/img/icons/download.svg
WARNING:django.request:Not Found: /pricesync/assets/img/icons/eye1.svg
WARNING:django.request:Not Found: /pricesync/assets/img/icons/plus-circle.svg
WARNING:django.request:Not Found: /pricesync/assets/img/icons/delete1.svg
WARNING:django.request:Not Found: /pricesync/assets/img/icons/eye1.svg
WARNING:django.request:Not Found: /pricesync/assets/img/icons/download.svg
WARNING:django.request:Not Found: /pricesync/assets/img/icons/dollar-square.svg
WARNING:django.request:Not Found: /pricesync/assets/img/icons/edit.svg
WARNING:django.request:Not Found: /pricesync/assets/img/icons/plus-circle.svg
WARNING:django.request:Not Found: /pricesync/assets/img/icons/delete1.svg
WARNING:django.request:Not Found: /pricesync/assets/img/icons/eye1.svg
WARNING:django.request:Not Found: /pricesync/assets/img/icons/edit.svg
WARNING:django.request:Not Found: /pricesync/assets/img/icons/dollar-square.svg
WARNING:django.request:Not Found: /pricesync/assets/img/icons/delete1.svg
WARNING:django.request:Not Found: /pricesync/assets/img/icons/download.svg
WARNING:django.request:Not Found: /pricesync/assets/img/icons/plus-circle.svg
WARNING:django.request:Not Found: /pricesync/assets/img/icons/download.svg
WARNING:django.request:Not Found: /pricesync/assets/img/icons/delete1.svg
WARNING:django.request:Not Found: /pricesync/assets/img/icons/edit.svg
WARNING:django.request:Not Found: /pricesync/assets/img/icons/eye1.svg
WARNING:django.request:Not Found: /pricesync/assets/img/icons/plus-circle.svg
WARNING:django.request:Not Found: /pricesync/assets/img/icons/dollar-square.svg
WARNING:django.request:Not Found: /pricesync/assets/img/icons/sidebar-icon-03.svg
WARNING:django.request:Not Found: /pricesync/assets/img/icons/sidebar-icon-01.svg
WARNING:django.request:Not Found: /pricesync/assets/img/icons/sidebar-icon-02.svg
WARNING:django.request:Not Found: /pricesync/assets/img/icons/close-icon.svg
WARNING:django.request:Not Found: /pricesync/assets/img/icons/sun-icon.svg
WARNING:django.request:Not Found: /pricesync/assets/img/layout-ltr.png
WARNING:django.request:Not Found: /pricesync/assets/img/layout-rtl.png
WARNING:django.request:Not Found: /pricesync/assets/img/layout-04.png
WARNING:django.request:Not Found: /pricesync/assets/img/layout-03.png
WARNING:django.request:Not Found: /pricesync/assets/img/layout-01.png
WARNING:django.request:Not Found: /pricesync/assets/img/icons/sidebar-icon-01.svg
WARNING:django.request:Not Found: /pricesync/assets/img/icons/sidebar-icon-02.svg
WARNING:django.request:Not Found: /pricesync/assets/img/icons/sidebar-icon-03.svg
WARNING:django.request:Not Found: /pricesync/assets/img/icons/close-icon.svg
WARNING:django.request:Not Found: /pricesync/assets/img/layout-ltr.png
WARNING:django.request:Not Found: /pricesync/assets/img/icons/sun-icon.svg
WARNING:django.request:Not Found: /pricesync/assets/img/layout-rtl.png
WARNING:django.request:Not Found: /pricesync/assets/img/layout-01.png
WARNING:django.request:Not Found: /pricesync/assets/img/layout-04.png
WARNING:django.request:Not Found: /pricesync/assets/img/layout-03.png
WARNING:django.request:Not Found: /pricesync/assets/img/icons/search-whites.svg
WARNING:django.request:Not Found: /pricesync/assets/img/icons/eye1.svg
WARNING:django.request:Not Found: /pricesync/assets/img/icons/edit.svg
WARNING:django.request:Not Found: /pricesync/assets/img/icons/plus-circle.svg
WARNING:django.request:Not Found: /pricesync/assets/img/icons/dollar-square.svg
WARNING:django.request:Not Found: /pricesync/assets/img/icons/delete1.svg
WARNING:django.request:Not Found: /pricesync/assets/img/icons/download.svg
WARNING:django.request:Not Found: /pricesync/assets/img/icons/eye1.svg
WARNING:django.request:Not Found: /pricesync/assets/img/icons/edit.svg
WARNING:django.request:Not Found: /pricesync/assets/img/icons/dollar-square.svg
WARNING:django.request:Not Found: /pricesync/assets/img/icons/plus-circle.svg
WARNING:django.request:Not Found: /pricesync/assets/img/icons/delete1.svg
WARNING:django.request:Not Found: /pricesync/assets/img/icons/download.svg
WARNING:django.request:Not Found: /pricesync/assets/img/icons/eye1.svg
WARNING:django.request:Not Found: /pricesync/assets/img/icons/edit.svg
WARNING:django.request:Not Found: /pricesync/assets/img/icons/delete1.svg
WARNING:django.request:Not Found: /pricesync/assets/img/icons/plus-circle.svg
WARNING:django.request:Not Found: /pricesync/assets/img/icons/dollar-square.svg
WARNING:django.request:Not Found: /pricesync/assets/img/icons/download.svg
WARNING:django.request:Not Found: /pricesync/assets/img/icons/dollar-square.svg
WARNING:django.request:Not Found: /pricesync/assets/img/icons/plus-circle.svg
WARNING:django.request:Not Found: /pricesync/assets/img/icons/edit.svg
WARNING:django.request:Not Found: /pricesync/assets/img/icons/delete1.svg
WARNING:django.request:Not Found: /pricesync/assets/img/icons/download.svg
WARNING:django.request:Not Found: /pricesync/assets/img/icons/eye1.svg
WARNING:django.request:Not Found: /pricesync/assets/img/icons/eye1.svg
WARNING:django.request:Not Found: /pricesync/assets/img/icons/edit.svg
WARNING:django.request:Not Found: /pricesync/assets/img/icons/plus-circle.svg
WARNING:django.request:Not Found: /pricesync/assets/img/icons/download.svg
WARNING:django.request:Not Found: /pricesync/assets/img/icons/dollar-square.svg
WARNING:django.request:Not Found: /pricesync/assets/img/icons/delete1.svg
WARNING:django.request:Not Found: /pricesync/assets/img/icons/edit.svg
WARNING:django.request:Not Found: /pricesync/assets/img/icons/download.svg
WARNING:django.request:Not Found: /pricesync/assets/img/icons/plus-circle.svg
WARNING:django.request:Not Found: /pricesync/assets/img/icons/dollar-square.svg
WARNING:django.request:Not Found: /pricesync/assets/img/icons/eye1.svg
WARNING:django.request:Not Found: /pricesync/assets/img/icons/delete1.svg
WARNING:django.request:Not Found: /pricesync/assets/img/icons/dollar-square.svg
WARNING:django.request:Not Found: /pricesync/assets/img/icons/delete1.svg
WARNING:django.request:Not Found: /pricesync/assets/img/icons/plus-circle.svg
WARNING:django.request:Not Found: /pricesync/assets/img/icons/eye1.svg
WARNING:django.request:Not Found: /pricesync/assets/img/icons/download.svg
WARNING:django.request:Not Found: /pricesync/assets/img/icons/edit.svg
WARNING:django.request:Not Found: /pricesync/assets/img/icons/dollar-square.svg
WARNING:django.request:Not Found: /pricesync/assets/img/icons/delete1.svg
WARNING:django.request:Not Found: /pricesync/assets/img/icons/download.svg
WARNING:django.request:Not Found: /pricesync/assets/img/icons/edit.svg
WARNING:django.request:Not Found: /pricesync/assets/img/icons/eye1.svg
WARNING:django.request:Not Found: /pricesync/assets/img/icons/plus-circle.svg
WARNING:django.request:Not Found: /pricesync/assets/img/icons/eye1.svg
WARNING:django.request:Not Found: /pricesync/assets/img/icons/dollar-square.svg
WARNING:django.request:Not Found: /pricesync/assets/img/icons/edit.svg
WARNING:django.request:Not Found: /pricesync/assets/img/icons/plus-circle.svg
WARNING:django.request:Not Found: /pricesync/assets/img/icons/download.svg
WARNING:django.request:Not Found: /pricesync/assets/img/icons/delete1.svg
WARNING:django.request:Not Found: /pricesync/assets/img/icons/download.svg
WARNING:django.request:Not Found: /pricesync/assets/img/icons/edit.svg
WARNING:django.request:Not Found: /pricesync/assets/img/icons/plus-circle.svg
WARNING:django.request:Not Found: /pricesync/assets/img/icons/dollar-square.svg
WARNING:django.request:Not Found: /pricesync/assets/img/icons/delete1.svg
WARNING:django.request:Not Found: /pricesync/assets/img/icons/eye1.svg
WARNING:django.request:Not Found: /pricesync/assets/img/icons/download.svg
WARNING:django.request:Not Found: /pricesync/assets/img/icons/eye1.svg
WARNING:django.request:Not Found: /pricesync/assets/img/icons/dollar-square.svg
WARNING:django.request:Not Found: /pricesync/assets/img/icons/edit.svg
WARNING:django.request:Not Found: /pricesync/assets/img/icons/plus-circle.svg
WARNING:django.request:Not Found: /pricesync/assets/img/icons/delete1.svg
WARNING:django.request:Not Found: /pricesync/assets/img/icons/dollar-square.svg
WARNING:django.request:Not Found: /pricesync/assets/img/icons/delete1.svg
WARNING:django.request:Not Found: /pricesync/assets/img/icons/eye1.svg
WARNING:django.request:Not Found: /pricesync/assets/img/icons/edit.svg
WARNING:django.request:Not Found: /pricesync/assets/img/icons/plus-circle.svg
WARNING:django.request:Not Found: /pricesync/assets/img/icons/download.svg
WARNING:django.request:Not Found: /pricesync/assets/img/icons/sidebar-icon-01.svg
WARNING:django.request:Not Found: /pricesync/assets/img/icons/sidebar-icon-03.svg
WARNING:django.request:Not Found: /pricesync/assets/img/icons/sidebar-icon-02.svg
WARNING:django.request:Not Found: /pricesync/assets/img/icons/close-icon.svg
WARNING:django.request:Not Found: /pricesync/assets/img/layout-ltr.png
WARNING:django.request:Not Found: /pricesync/assets/img/icons/sun-icon.svg
WARNING:django.request:Not Found: /pricesync/assets/img/layout-rtl.png
WARNING:django.request:Not Found: /pricesync/assets/img/layout-04.png
WARNING:django.request:Not Found: /pricesync/assets/img/layout-01.png
WARNING:django.request:Not Found: /pricesync/assets/img/layout-03.png
WARNING:django.request:Not Found: /pricesync/assets/img/icons/close-icon.svg
WARNING:django.request:Not Found: /pricesync/assets/img/icons/sidebar-icon-03.svg
WARNING:django.request:Not Found: /pricesync/assets/img/icons/sidebar-icon-01.svg
WARNING:django.request:Not Found: /pricesync/assets/img/icons/sidebar-icon-02.svg
WARNING:django.request:Not Found: /pricesync/assets/img/icons/sun-icon.svg
WARNING:django.request:Not Found: /pricesync/assets/img/layout-ltr.png
WARNING:django.request:Not Found: /pricesync/assets/img/layout-04.png
WARNING:django.request:Not Found: /pricesync/assets/img/layout-01.png
WARNING:django.request:Not Found: /pricesync/assets/img/layout-rtl.png
WARNING:django.request:Not Found: /pricesync/assets/img/layout-03.png
WARNING:django.request:Not Found: /pricesync/assets/img/icons/sidebar-icon-03.svg
WARNING:django.request:Not Found: /pricesync/assets/img/icons/sidebar-icon-01.svg
WARNING:django.request:Not Found: /pricesync/assets/img/icons/sidebar-icon-02.svg
WARNING:django.request:Not Found: /pricesync/assets/img/icons/sun-icon.svg
WARNING:django.request:Not Found: /pricesync/assets/img/icons/close-icon.svg
WARNING:django.request:Not Found: /pricesync/assets/img/layout-ltr.png
WARNING:django.request:Not Found: /pricesync/assets/img/layout-03.png
WARNING:django.request:Not Found: /pricesync/assets/img/layout-04.png
WARNING:django.request:Not Found: /pricesync/assets/img/layout-rtl.png
WARNING:django.request:Not Found: /pricesync/assets/img/layout-01.png
WARNING:django.request:Not Found: /pricesync/assets/img/icons/sidebar-icon-02.svg
WARNING:django.request:Not Found: /pricesync/assets/img/icons/sidebar-icon-03.svg
WARNING:django.request:Not Found: /pricesync/assets/img/icons/sidebar-icon-01.svg
WARNING:django.request:Not Found: /pricesync/assets/img/icons/close-icon.svg
WARNING:django.request:Not Found: /pricesync/assets/img/icons/sun-icon.svg
WARNING:django.request:Not Found: /pricesync/assets/img/layout-ltr.png
WARNING:django.request:Not Found: /pricesync/assets/img/layout-01.png
WARNING:django.request:Not Found: /pricesync/assets/img/layout-04.png
WARNING:django.request:Not Found: /pricesync/assets/img/layout-rtl.png
WARNING:django.request:Not Found: /pricesync/assets/img/layout-03.png
INFO:django.utils.autoreload:C:\Users\Wayne.Maiseni\Documents\Nashua Applications\NashuaXpressPriceSync\PriceSync\views.py changed, reloading.
WARNING:django.request:Not Found: /pricesync/assets/img/icons/sidebar-icon-01.svg
WARNING:django.request:Not Found: /pricesync/assets/img/icons/sidebar-icon-02.svg
WARNING:django.request:Not Found: /pricesync/assets/img/icons/sidebar-icon-03.svg
WARNING:django.request:Not Found: /pricesync/assets/img/icons/close-icon.svg
WARNING:django.request:Not Found: /pricesync/assets/img/layout-ltr.png
WARNING:django.request:Not Found: /pricesync/assets/img/icons/sun-icon.svg
WARNING:django.request:Not Found: /pricesync/assets/img/layout-rtl.png
WARNING:django.request:Not Found: /pricesync/assets/img/layout-04.png
WARNING:django.request:Not Found: /pricesync/assets/img/layout-01.png
WARNING:django.request:Not Found: /pricesync/assets/img/layout-03.png
WARNING:django.request:Not Found: /pricesync/assets/img/icons/sidebar-icon-02.svg
WARNING:django.request:Not Found: /pricesync/assets/img/icons/sidebar-icon-01.svg
WARNING:django.request:Not Found: /pricesync/assets/img/icons/close-icon.svg
WARNING:django.request:Not Found: /pricesync/assets/img/icons/sidebar-icon-03.svg
WARNING:django.request:Not Found: /pricesync/assets/img/icons/sun-icon.svg
WARNING:django.request:Not Found: /pricesync/assets/img/layout-ltr.png
WARNING:django.request:Not Found: /pricesync/assets/img/layout-04.png
WARNING:django.request:Not Found: /pricesync/assets/img/layout-rtl.png
WARNING:django.request:Not Found: /pricesync/assets/img/layout-01.png
WARNING:django.request:Not Found: /pricesync/assets/img/layout-03.png
WARNING:django.request:Not Found: /pricesync/assets/img/icons/sidebar-icon-01.svg
WARNING:django.request:Not Found: /pricesync/assets/img/icons/sidebar-icon-03.svg
WARNING:django.request:Not Found: /pricesync/assets/img/icons/sidebar-icon-02.svg
WARNING:django.request:Not Found: /pricesync/assets/img/icons/sun-icon.svg
WARNING:django.request:Not Found: /pricesync/assets/img/layout-ltr.png
WARNING:django.request:Not Found: /pricesync/assets/img/icons/close-icon.svg
WARNING:django.request:Not Found: /pricesync/assets/img/layout-rtl.png
WARNING:django.request:Not Found: /pricesync/assets/img/layout-04.png
WARNING:django.request:Not Found: /pricesync/assets/img/layout-03.png
WARNING:django.request:Not Found: /pricesync/assets/img/layout-01.png
WARNING:django.request:Not Found: /pricesync/assets/img/icons/sidebar-icon-02.svg
WARNING:django.request:Not Found: /pricesync/assets/img/icons/sidebar-icon-01.svg
WARNING:django.request:Not Found: /pricesync/assets/img/icons/sidebar-icon-03.svg
WARNING:django.request:Not Found: /pricesync/assets/img/icons/sun-icon.svg
WARNING:django.request:Not Found: /pricesync/assets/img/layout-ltr.png
WARNING:django.request:Not Found: /pricesync/assets/img/icons/close-icon.svg
WARNING:django.request:Not Found: /pricesync/assets/img/layout-rtl.png
WARNING:django.request:Not Found: /pricesync/assets/img/layout-01.png
WARNING:django.request:Not Found: /pricesync/assets/img/layout-04.png
WARNING:django.request:Not Found: /pricesync/assets/img/layout-03.png
WARNING:django.request:Not Found: /pricesync/assets/img/icons/sidebar-icon-01.svg
WARNING:django.request:Not Found: /pricesync/assets/img/icons/sidebar-icon-02.svg
WARNING:django.request:Not Found: /pricesync/assets/img/icons/sidebar-icon-03.svg
WARNING:django.request:Not Found: /pricesync/assets/img/layout-ltr.png
WARNING:django.request:Not Found: /pricesync/assets/img/icons/close-icon.svg
WARNING:django.request:Not Found: /pricesync/assets/img/icons/sun-icon.svg
WARNING:django.request:Not Found: /pricesync/assets/img/layout-rtl.png
WARNING:django.request:Not Found: /pricesync/assets/img/layout-04.png
WARNING:django.request:Not Found: /pricesync/assets/img/layout-01.png
WARNING:django.request:Not Found: /pricesync/assets/img/layout-03.png
WARNING:django.request:Not Found: /pricesync/assets/img/icons/sun-icon.svg
WARNING:django.request:Not Found: /pricesync/assets/img/icons/sidebar-icon-02.svg
WARNING:django.request:Not Found: /pricesync/assets/img/icons/sidebar-icon-03.svg
WARNING:django.request:Not Found: /pricesync/assets/img/icons/sidebar-icon-01.svg
WARNING:django.request:Not Found: /pricesync/assets/img/icons/close-icon.svg
WARNING:django.request:Not Found: /pricesync/assets/img/layout-ltr.png
WARNING:django.request:Not Found: /pricesync/assets/img/layout-04.png
WARNING:django.request:Not Found: /pricesync/assets/img/layout-rtl.png
WARNING:django.request:Not Found: /pricesync/assets/img/layout-01.png
WARNING:django.request:Not Found: /pricesync/assets/img/layout-03.png
WARNING:django.request:Not Found: /pricesync/assets/img/icons/sidebar-icon-02.svg
WARNING:django.request:Not Found: /pricesync/assets/img/icons/close-icon.svg
WARNING:django.request:Not Found: /pricesync/assets/img/layout-ltr.png
WARNING:django.request:Not Found: /pricesync/assets/img/icons/sidebar-icon-01.svg
WARNING:django.request:Not Found: /pricesync/assets/img/icons/sidebar-icon-03.svg
WARNING:django.request:Not Found: /pricesync/assets/img/icons/sun-icon.svg
WARNING:django.request:Not Found: /pricesync/assets/img/layout-rtl.png
WARNING:django.request:Not Found: /pricesync/assets/img/layout-01.png
WARNING:django.request:Not Found: /pricesync/assets/img/layout-04.png
WARNING:django.request:Not Found: /pricesync/assets/img/layout-03.png
WARNING:django.request:Not Found: /pricesync/assets/img/icons/sidebar-icon-01.svg
WARNING:django.request:Not Found: /pricesync/assets/img/icons/close-icon.svg
WARNING:django.request:Not Found: /pricesync/assets/img/icons/sidebar-icon-02.svg
WARNING:django.request:Not Found: /pricesync/assets/img/icons/sidebar-icon-03.svg
WARNING:django.request:Not Found: /pricesync/assets/img/icons/sun-icon.svg
WARNING:django.request:Not Found: /pricesync/assets/img/layout-ltr.png
WARNING:django.request:Not Found: /pricesync/assets/img/layout-rtl.png
WARNING:django.request:Not Found: /pricesync/assets/img/layout-03.png
WARNING:django.request:Not Found: /pricesync/assets/img/layout-01.png
WARNING:django.request:Not Found: /pricesync/assets/img/layout-04.png
WARNING:django.request:Not Found: /pricesync/assets/img/icons/sidebar-icon-02.svg
WARNING:django.request:Not Found: /pricesync/assets/img/icons/sidebar-icon-03.svg
WARNING:django.request:Not Found: /pricesync/assets/img/icons/sun-icon.svg
WARNING:django.request:Not Found: /pricesync/assets/img/icons/close-icon.svg
WARNING:django.request:Not Found: /pricesync/assets/img/layout-ltr.png
WARNING:django.request:Not Found: /pricesync/assets/img/icons/sidebar-icon-01.svg
WARNING:django.request:Not Found: /pricesync/assets/img/layout-rtl.png
WARNING:django.request:Not Found: /pricesync/assets/img/layout-04.png
WARNING:django.request:Not Found: /pricesync/assets/img/layout-01.png
WARNING:django.request:Not Found: /pricesync/assets/img/layout-03.png
WARNING:django.request:Not Found: /pricesync/assets/img/icons/sidebar-icon-01.svg
WARNING:django.request:Not Found: /pricesync/assets/img/icons/sidebar-icon-02.svg
WARNING:django.request:Not Found: /pricesync/assets/img/icons/sun-icon.svg
WARNING:django.request:Not Found: /pricesync/assets/img/layout-ltr.png
WARNING:django.request:Not Found: /pricesync/assets/img/icons/sidebar-icon-03.svg
WARNING:django.request:Not Found: /pricesync/assets/img/icons/close-icon.svg
WARNING:django.request:Not Found: /pricesync/assets/img/layout-04.png
WARNING:django.request:Not Found: /pricesync/assets/img/layout-01.png
WARNING:django.request:Not Found: /pricesync/assets/img/layout-rtl.png
WARNING:django.request:Not Found: /pricesync/assets/img/layout-03.png
INFO:django.utils.autoreload:C:\Users\Wayne.Maiseni\Documents\Nashua Applications\NashuaXpressPriceSync\PriceSync\views.py changed, reloading.
WARNING:django.request:Not Found: /pricesync/assets/img/icons/sidebar-icon-03.svg
WARNING:django.request:Not Found: /pricesync/assets/img/icons/close-icon.svg
WARNING:django.request:Not Found: /pricesync/assets/img/icons/sidebar-icon-01.svg
WARNING:django.request:Not Found: /pricesync/assets/img/icons/sun-icon.svg
WARNING:django.request:Not Found: /pricesync/assets/img/layout-ltr.png
WARNING:django.request:Not Found: /pricesync/assets/img/icons/sidebar-icon-02.svg
WARNING:django.request:Not Found: /pricesync/assets/img/layout-04.png
WARNING:django.request:Not Found: /pricesync/assets/img/layout-01.png
WARNING:django.request:Not Found: /pricesync/assets/img/layout-03.png
WARNING:django.request:Not Found: /pricesync/assets/img/layout-rtl.png
WARNING:django.request:Not Found: /pricesync/assets/img/icons/sidebar-icon-01.svg
WARNING:django.request:Not Found: /pricesync/assets/img/icons/sidebar-icon-03.svg
WARNING:django.request:Not Found: /pricesync/assets/img/icons/close-icon.svg
WARNING:django.request:Not Found: /pricesync/assets/img/icons/sidebar-icon-02.svg
WARNING:django.request:Not Found: /pricesync/assets/img/icons/sun-icon.svg
WARNING:django.request:Not Found: /pricesync/assets/img/layout-ltr.png
WARNING:django.request:Not Found: /pricesync/assets/img/layout-rtl.png
WARNING:django.request:Not Found: /pricesync/assets/img/layout-01.png
WARNING:django.request:Not Found: /pricesync/assets/img/layout-04.png
WARNING:django.request:Not Found: /pricesync/assets/img/layout-03.png
WARNING:django.request:Not Found: /accounts/login/
INFO:django.utils.autoreload:C:\Users\Wayne.Maiseni\Documents\Nashua Applications\NashuaXpressPriceSync\PriceSync\views.py changed, reloading.
WARNING:django.request:Not Found: /pricesync/assets/img/icons/sidebar-icon-03.svg
WARNING:django.request:Not Found: /pricesync/assets/img/icons/sidebar-icon-01.svg
WARNING:django.request:Not Found: /pricesync/assets/img/icons/sidebar-icon-02.svg
WARNING:django.request:Not Found: /pricesync/assets/img/icons/close-icon.svg
WARNING:django.request:Not Found: /pricesync/assets/img/icons/sun-icon.svg
WARNING:django.request:Not Found: /pricesync/assets/img/layout-ltr.png
WARNING:django.request:Not Found: /pricesync/assets/img/layout-rtl.png
WARNING:django.request:Not Found: /pricesync/assets/img/layout-04.png
WARNING:django.request:Not Found: /pricesync/assets/img/layout-01.png
WARNING:django.request:Not Found: /pricesync/assets/img/layout-03.png
WARNING:django.request:Not Found: /pricesync/assets/img/icons/sidebar-icon-03.svg
WARNING:django.request:Not Found: /pricesync/assets/img/icons/sidebar-icon-02.svg
WARNING:django.request:Not Found: /pricesync/assets/img/icons/sidebar-icon-01.svg
WARNING:django.request:Not Found: /pricesync/assets/img/layout-ltr.png
WARNING:django.request:Not Found: /pricesync/assets/img/icons/sun-icon.svg
WARNING:django.request:Not Found: /pricesync/assets/img/icons/close-icon.svg
WARNING:django.request:Not Found: /pricesync/assets/img/layout-04.png
WARNING:django.request:Not Found: /pricesync/assets/img/layout-rtl.png
WARNING:django.request:Not Found: /pricesync/assets/img/layout-01.png
WARNING:django.request:Not Found: /pricesync/assets/img/layout-03.png
WARNING:django.request:Not Found: /pricesync/assets/img/icons/sidebar-icon-02.svg
WARNING:django.request:Not Found: /pricesync/assets/img/icons/sun-icon.svg
WARNING:django.request:Not Found: /pricesync/assets/img/icons/sidebar-icon-01.svg
WARNING:django.request:Not Found: /pricesync/assets/img/icons/sidebar-icon-03.svg
WARNING:django.request:Not Found: /pricesync/assets/img/icons/close-icon.svg
WARNING:django.request:Not Found: /pricesync/assets/img/layout-ltr.png
WARNING:django.request:Not Found: /pricesync/assets/img/layout-rtl.png
WARNING:django.request:Not Found: /pricesync/assets/img/layout-04.png
WARNING:django.request:Not Found: /pricesync/assets/img/layout-01.png
WARNING:django.request:Not Found: /pricesync/assets/img/layout-03.png
WARNING:django.request:Not Found: /accounts/login/
INFO:django.utils.autoreload:C:\Users\Wayne.Maiseni\Documents\Nashua Applications\NashuaXpressPriceSync\PriceSync\views.py changed, reloading.
WARNING:django.request:Not Found: /pricesync/assets/img/icons/sidebar-icon-02.svg
WARNING:django.request:Not Found: /pricesync/assets/img/icons/sidebar-icon-01.svg
WARNING:django.request:Not Found: /pricesync/assets/img/icons/sidebar-icon-03.svg
WARNING:django.request:Not Found: /pricesync/assets/img/icons/close-icon.svg
WARNING:django.request:Not Found: /pricesync/assets/img/icons/sun-icon.svg
WARNING:django.request:Not Found: /pricesync/assets/img/layout-ltr.png
WARNING:django.request:Not Found: /pricesync/assets/img/layout-01.png
WARNING:django.request:Not Found: /pricesync/assets/img/layout-rtl.png
WARNING:django.request:Not Found: /pricesync/assets/img/layout-04.png
WARNING:django.request:Not Found: /pricesync/assets/img/layout-03.png
WARNING:django.request:Not Found: /pricesync/assets/img/icons/sidebar-icon-02.svg
WARNING:django.request:Not Found: /pricesync/assets/img/icons/sidebar-icon-01.svg
WARNING:django.request:Not Found: /pricesync/assets/img/icons/sun-icon.svg
WARNING:django.request:Not Found: /pricesync/assets/img/icons/sidebar-icon-03.svg
WARNING:django.request:Not Found: /pricesync/assets/img/icons/close-icon.svg
WARNING:django.request:Not Found: /pricesync/assets/img/layout-ltr.png
WARNING:django.request:Not Found: /pricesync/assets/img/layout-rtl.png
WARNING:django.request:Not Found: /pricesync/assets/img/layout-04.png
WARNING:django.request:Not Found: /pricesync/assets/img/layout-01.png
WARNING:django.request:Not Found: /pricesync/assets/img/layout-03.png
WARNING:django.request:Not Found: /pricesync/assets/img/icons/sidebar-icon-01.svg
WARNING:django.request:Not Found: /pricesync/assets/img/icons/close-icon.svg
WARNING:django.request:Not Found: /pricesync/assets/img/layout-ltr.png
WARNING:django.request:Not Found: /pricesync/assets/img/icons/sun-icon.svg
WARNING:django.request:Not Found: /pricesync/assets/img/icons/sidebar-icon-02.svg
WARNING:django.request:Not Found: /pricesync/assets/img/icons/sidebar-icon-03.svg
WARNING:django.request:Not Found: /pricesync/assets/img/layout-rtl.png
WARNING:django.request:Not Found: /pricesync/assets/img/layout-04.png
WARNING:django.request:Not Found: /pricesync/assets/img/layout-03.png
WARNING:django.request:Not Found: /pricesync/assets/img/layout-01.png
WARNING:django.request:Not Found: /pricesync/assets/img/icons/sidebar-icon-03.svg
WARNING:django.request:Not Found: /pricesync/assets/img/icons/sidebar-icon-01.svg
WARNING:django.request:Not Found: /pricesync/assets/img/icons/sidebar-icon-02.svg
WARNING:django.request:Not Found: /pricesync/assets/img/icons/sun-icon.svg
WARNING:django.request:Not Found: /pricesync/assets/img/icons/close-icon.svg
WARNING:django.request:Not Found: /pricesync/assets/img/layout-ltr.png
WARNING:django.request:Not Found: /pricesync/assets/img/layout-rtl.png
WARNING:django.request:Not Found: /pricesync/assets/img/layout-04.png
WARNING:django.request:Not Found: /pricesync/assets/img/layout-01.png
WARNING:django.request:Not Found: /pricesync/assets/img/layout-03.png
WARNING:django.request:Not Found: /pricesync/assets/img/icons/close-icon.svg
WARNING:django.request:Not Found: /pricesync/assets/img/icons/sidebar-icon-01.svg
WARNING:django.request:Not Found: /pricesync/assets/img/layout-ltr.png
WARNING:django.request:Not Found: /pricesync/assets/img/icons/sidebar-icon-02.svg
WARNING:django.request:Not Found: /pricesync/assets/img/icons/sun-icon.svg
WARNING:django.request:Not Found: /pricesync/assets/img/icons/sidebar-icon-03.svg
WARNING:django.request:Not Found: /pricesync/assets/img/layout-rtl.png
WARNING:django.request:Not Found: /pricesync/assets/img/layout-04.png
WARNING:django.request:Not Found: /pricesync/assets/img/layout-01.png
WARNING:django.request:Not Found: /pricesync/assets/img/layout-03.png
WARNING:django.request:Not Found: /pricesync/assets/img/icons/sidebar-icon-02.svg
WARNING:django.request:Not Found: /pricesync/assets/img/icons/sidebar-icon-01.svg
WARNING:django.request:Not Found: /pricesync/assets/img/icons/sidebar-icon-03.svg
WARNING:django.request:Not Found: /pricesync/assets/img/icons/sun-icon.svg
WARNING:django.request:Not Found: /pricesync/assets/img/icons/close-icon.svg
WARNING:django.request:Not Found: /pricesync/assets/img/layout-ltr.png
WARNING:django.request:Not Found: /pricesync/assets/img/layout-04.png
WARNING:django.request:Not Found: /pricesync/assets/img/layout-rtl.png
WARNING:django.request:Not Found: /pricesync/assets/img/layout-01.png
WARNING:django.request:Not Found: /pricesync/assets/img/layout-03.png
WARNING:django.request:Not Found: /pricesync/assets/img/icons/sidebar-icon-03.svg
WARNING:django.request:Not Found: /pricesync/assets/img/icons/sidebar-icon-01.svg
WARNING:django.request:Not Found: /pricesync/assets/img/icons/sidebar-icon-02.svg
WARNING:django.request:Not Found: /pricesync/assets/img/icons/close-icon.svg
WARNING:django.request:Not Found: /pricesync/assets/img/layout-ltr.png
WARNING:django.request:Not Found: /pricesync/assets/img/icons/sun-icon.svg
WARNING:django.request:Not Found: /pricesync/assets/img/layout-rtl.png
WARNING:django.request:Not Found: /pricesync/assets/img/layout-04.png
WARNING:django.request:Not Found: /pricesync/assets/img/layout-01.png
WARNING:django.request:Not Found: /pricesync/assets/img/layout-03.png
WARNING:django.request:Not Found: /pricesync/assets/img/icons/sidebar-icon-01.svg
WARNING:django.request:Not Found: /pricesync/assets/img/icons/sun-icon.svg
WARNING:django.request:Not Found: /pricesync/assets/img/icons/sidebar-icon-02.svg
WARNING:django.request:Not Found: /pricesync/assets/img/icons/close-icon.svg
WARNING:django.request:Not Found: /pricesync/assets/img/layout-ltr.png
WARNING:django.request:Not Found: /pricesync/assets/img/icons/sidebar-icon-03.svg
WARNING:django.request:Not Found: /pricesync/assets/img/layout-rtl.png
WARNING:django.request:Not Found: /pricesync/assets/img/layout-01.png
WARNING:django.request:Not Found: /pricesync/assets/img/layout-03.png
WARNING:django.request:Not Found: /pricesync/assets/img/layout-04.png
WARNING:django.request:Not Found: /pricesync/assets/img/icons/close-icon.svg
WARNING:django.request:Not Found: /pricesync/assets/img/icons/sidebar-icon-02.svg
WARNING:django.request:Not Found: /pricesync/assets/img/icons/sidebar-icon-01.svg
WARNING:django.request:Not Found: /pricesync/assets/img/icons/sidebar-icon-03.svg
WARNING:django.request:Not Found: /pricesync/assets/img/icons/sun-icon.svg
WARNING:django.request:Not Found: /pricesync/assets/img/layout-ltr.png
WARNING:django.request:Not Found: /pricesync/assets/img/layout-04.png
WARNING:django.request:Not Found: /pricesync/assets/img/layout-rtl.png
WARNING:django.request:Not Found: /pricesync/assets/img/layout-01.png
WARNING:django.request:Not Found: /pricesync/assets/img/layout-03.png
WARNING:django.request:Not Found: /pricesync/assets/img/icons/close-icon.svg
WARNING:django.request:Not Found: /pricesync/assets/img/icons/sun-icon.svg
WARNING:django.request:Not Found: /pricesync/assets/img/icons/sidebar-icon-01.svg
WARNING:django.request:Not Found: /pricesync/assets/img/icons/sidebar-icon-03.svg
WARNING:django.request:Not Found: /pricesync/assets/img/icons/sidebar-icon-02.svg
WARNING:django.request:Not Found: /pricesync/assets/img/layout-ltr.png
WARNING:django.request:Not Found: /pricesync/assets/img/layout-rtl.png
WARNING:django.request:Not Found: /pricesync/assets/img/layout-04.png
WARNING:django.request:Not Found: /pricesync/assets/img/layout-01.png
WARNING:django.request:Not Found: /pricesync/assets/img/layout-03.png
WARNING:django.request:Not Found: /pricesync/assets/img/layout-ltr.png
WARNING:django.request:Not Found: /pricesync/assets/img/icons/sidebar-icon-01.svg
WARNING:django.request:Not Found: /pricesync/assets/img/icons/sidebar-icon-02.svg
WARNING:django.request:Not Found: /pricesync/assets/img/icons/sidebar-icon-03.svg
WARNING:django.request:Not Found: /pricesync/assets/img/icons/close-icon.svg
WARNING:django.request:Not Found: /pricesync/assets/img/icons/sun-icon.svg
WARNING:django.request:Not Found: /pricesync/assets/img/layout-rtl.png
WARNING:django.request:Not Found: /pricesync/assets/img/layout-04.png
WARNING:django.request:Not Found: /pricesync/assets/img/layout-01.png
WARNING:django.request:Not Found: /pricesync/assets/img/layout-03.png
WARNING:django.request:Not Found: /pricesync/assets/img/icons/sidebar-icon-01.svg
WARNING:django.request:Not Found: /pricesync/assets/img/icons/close-icon.svg
WARNING:django.request:Not Found: /pricesync/assets/img/icons/sidebar-icon-03.svg
WARNING:django.request:Not Found: /pricesync/assets/img/layout-ltr.png
WARNING:django.request:Not Found: /pricesync/assets/img/icons/sun-icon.svg
WARNING:django.request:Not Found: /pricesync/assets/img/icons/sidebar-icon-02.svg
WARNING:django.request:Not Found: /pricesync/assets/img/layout-rtl.png
WARNING:django.request:Not Found: /pricesync/assets/img/layout-04.png
WARNING:django.request:Not Found: /pricesync/assets/img/layout-03.png
WARNING:django.request:Not Found: /pricesync/assets/img/layout-01.png
WARNING:django.request:Not Found: /pricesync/assets/img/icons/sidebar-icon-03.svg
WARNING:django.request:Not Found: /pricesync/assets/img/icons/sidebar-icon-01.svg
WARNING:django.request:Not Found: /pricesync/assets/img/icons/sidebar-icon-02.svg
WARNING:django.request:Not Found: /pricesync/assets/img/icons/sun-icon.svg
WARNING:django.request:Not Found: /pricesync/assets/img/icons/close-icon.svg
WARNING:django.request:Not Found: /pricesync/assets/img/layout-ltr.png
WARNING:django.request:Not Found: /pricesync/assets/img/layout-rtl.png
WARNING:django.request:Not Found: /pricesync/assets/img/layout-04.png
WARNING:django.request:Not Found: /pricesync/assets/img/layout-01.png
WARNING:django.request:Not Found: /pricesync/assets/img/layout-03.png
WARNING:django.request:Not Found: /pricesync/assets/img/icons/sidebar-icon-01.svg
WARNING:django.request:Not Found: /pricesync/assets/img/icons/sidebar-icon-03.svg
WARNING:django.request:Not Found: /pricesync/assets/img/icons/sidebar-icon-02.svg
WARNING:django.request:Not Found: /pricesync/assets/img/icons/close-icon.svg
WARNING:django.request:Not Found: /pricesync/assets/img/icons/sun-icon.svg
WARNING:django.request:Not Found: /pricesync/assets/img/layout-ltr.png
WARNING:django.request:Not Found: /pricesync/assets/img/layout-rtl.png
WARNING:django.request:Not Found: /pricesync/assets/img/layout-01.png
WARNING:django.request:Not Found: /pricesync/assets/img/layout-04.png
WARNING:django.request:Not Found: /pricesync/assets/img/layout-03.png
WARNING:django.request:Not Found: /pricesync/assets/img/icons/sidebar-icon-02.svg
WARNING:django.request:Not Found: /pricesync/assets/img/icons/close-icon.svg
WARNING:django.request:Not Found: /pricesync/assets/img/icons/sidebar-icon-03.svg
WARNING:django.request:Not Found: /pricesync/assets/img/icons/sidebar-icon-01.svg
WARNING:django.request:Not Found: /pricesync/assets/img/icons/sun-icon.svg
WARNING:django.request:Not Found: /pricesync/assets/img/layout-ltr.png
WARNING:django.request:Not Found: /pricesync/assets/img/layout-03.png
WARNING:django.request:Not Found: /pricesync/assets/img/layout-rtl.png
WARNING:django.request:Not Found: /pricesync/assets/img/layout-04.png
WARNING:django.request:Not Found: /pricesync/assets/img/layout-01.png
WARNING:django.request:Not Found: /pricesync/assets/img/icons/sidebar-icon-02.svg
WARNING:django.request:Not Found: /pricesync/assets/img/icons/sidebar-icon-01.svg
WARNING:django.request:Not Found: /pricesync/assets/img/icons/sidebar-icon-03.svg
WARNING:django.request:Not Found: /pricesync/assets/img/layout-ltr.png
WARNING:django.request:Not Found: /pricesync/assets/img/icons/close-icon.svg
WARNING:django.request:Not Found: /pricesync/assets/img/icons/sun-icon.svg
WARNING:django.request:Not Found: /pricesync/assets/img/layout-rtl.png
WARNING:django.request:Not Found: /pricesync/assets/img/layout-04.png
WARNING:django.request:Not Found: /pricesync/assets/img/layout-03.png
WARNING:django.request:Not Found: /pricesync/assets/img/layout-01.png
INFO:django.utils.autoreload:C:\Users\Wayne.Maiseni\Documents\Nashua Applications\NashuaXpressPriceSync\PriceSync\views.py changed, reloading.
